{"/Users/salvatore/Desktop/EasyAgreement-IGES/app/controllers/messageControl.js":{"path":"/Users/salvatore/Desktop/EasyAgreement-IGES/app/controllers/messageControl.js","statementMap":{"0":{"start":{"line":1,"column":20},"end":{"line":1,"column":54}},"1":{"start":{"line":2,"column":20},"end":{"line":2,"column":54}},"2":{"start":{"line":3,"column":19},"end":{"line":3,"column":47}},"3":{"start":{"line":4,"column":19},"end":{"line":4,"column":47}},"4":{"start":{"line":12,"column":0},"end":{"line":28,"column":1}},"5":{"start":{"line":13,"column":2},"end":{"line":27,"column":4}},"6":{"start":{"line":14,"column":16},"end":{"line":14,"column":20}},"7":{"start":{"line":15,"column":4},"end":{"line":23,"column":5}},"8":{"start":{"line":16,"column":6},"end":{"line":16,"column":41}},"9":{"start":{"line":17,"column":11},"end":{"line":23,"column":5}},"10":{"start":{"line":18,"column":6},"end":{"line":18,"column":40}},"11":{"start":{"line":19,"column":11},"end":{"line":23,"column":5}},"12":{"start":{"line":20,"column":6},"end":{"line":20,"column":41}},"13":{"start":{"line":22,"column":6},"end":{"line":22,"column":25}},"14":{"start":{"line":24,"column":4},"end":{"line":26,"column":6}},"15":{"start":{"line":25,"column":6},"end":{"line":25,"column":21}},"16":{"start":{"line":37,"column":0},"end":{"line":77,"column":1}},"17":{"start":{"line":38,"column":2},"end":{"line":76,"column":4}},"18":{"start":{"line":39,"column":15},"end":{"line":39,"column":57}},"19":{"start":{"line":40,"column":4},"end":{"line":75,"column":6}},"20":{"start":{"line":41,"column":24},"end":{"line":41,"column":37}},"21":{"start":{"line":42,"column":27},"end":{"line":42,"column":43}},"22":{"start":{"line":43,"column":14},"end":{"line":43,"column":15}},"23":{"start":{"line":45,"column":6},"end":{"line":47,"column":7}},"24":{"start":{"line":46,"column":8},"end":{"line":46,"column":211}},"25":{"start":{"line":49,"column":6},"end":{"line":53,"column":8}},"26":{"start":{"line":50,"column":8},"end":{"line":50,"column":52}},"27":{"start":{"line":50,"column":43},"end":{"line":50,"column":52}},"28":{"start":{"line":51,"column":8},"end":{"line":51,"column":51}},"29":{"start":{"line":51,"column":43},"end":{"line":51,"column":51}},"30":{"start":{"line":52,"column":8},"end":{"line":52,"column":16}},"31":{"start":{"line":55,"column":6},"end":{"line":57,"column":7}},"32":{"start":{"line":56,"column":8},"end":{"line":56,"column":41}},"33":{"start":{"line":59,"column":6},"end":{"line":61,"column":7}},"34":{"start":{"line":60,"column":8},"end":{"line":60,"column":232}},"35":{"start":{"line":63,"column":6},"end":{"line":67,"column":8}},"36":{"start":{"line":64,"column":8},"end":{"line":64,"column":52}},"37":{"start":{"line":64,"column":43},"end":{"line":64,"column":52}},"38":{"start":{"line":65,"column":8},"end":{"line":65,"column":51}},"39":{"start":{"line":65,"column":43},"end":{"line":65,"column":51}},"40":{"start":{"line":66,"column":8},"end":{"line":66,"column":16}},"41":{"start":{"line":69,"column":6},"end":{"line":71,"column":7}},"42":{"start":{"line":70,"column":8},"end":{"line":70,"column":44}},"43":{"start":{"line":73,"column":18},"end":{"line":73,"column":68}},"44":{"start":{"line":74,"column":6},"end":{"line":74,"column":20}},"45":{"start":{"line":85,"column":0},"end":{"line":97,"column":1}},"46":{"start":{"line":86,"column":2},"end":{"line":96,"column":4}},"47":{"start":{"line":87,"column":20},"end":{"line":87,"column":38}},"48":{"start":{"line":88,"column":4},"end":{"line":88,"column":43}},"49":{"start":{"line":89,"column":4},"end":{"line":89,"column":49}},"50":{"start":{"line":90,"column":4},"end":{"line":90,"column":35}},"51":{"start":{"line":91,"column":4},"end":{"line":91,"column":35}},"52":{"start":{"line":92,"column":15},"end":{"line":92,"column":52}},"53":{"start":{"line":93,"column":4},"end":{"line":95,"column":6}},"54":{"start":{"line":94,"column":6},"end":{"line":94,"column":21}},"55":{"start":{"line":105,"column":0},"end":{"line":113,"column":1}},"56":{"start":{"line":106,"column":2},"end":{"line":112,"column":4}},"57":{"start":{"line":107,"column":17},"end":{"line":107,"column":53}},"58":{"start":{"line":108,"column":4},"end":{"line":111,"column":6}},"59":{"start":{"line":109,"column":6},"end":{"line":110,"column":33}},"60":{"start":{"line":109,"column":22},"end":{"line":109,"column":48}},"61":{"start":{"line":110,"column":11},"end":{"line":110,"column":33}},"62":{"start":{"line":121,"column":0},"end":{"line":129,"column":1}},"63":{"start":{"line":122,"column":2},"end":{"line":128,"column":4}},"64":{"start":{"line":123,"column":17},"end":{"line":123,"column":54}},"65":{"start":{"line":124,"column":4},"end":{"line":127,"column":6}},"66":{"start":{"line":125,"column":6},"end":{"line":126,"column":32}},"67":{"start":{"line":125,"column":22},"end":{"line":125,"column":48}},"68":{"start":{"line":126,"column":11},"end":{"line":126,"column":32}},"69":{"start":{"line":138,"column":0},"end":{"line":242,"column":1}},"70":{"start":{"line":139,"column":2},"end":{"line":241,"column":4}},"71":{"start":{"line":140,"column":15},"end":{"line":140,"column":19}},"72":{"start":{"line":141,"column":18},"end":{"line":141,"column":22}},"73":{"start":{"line":142,"column":17},"end":{"line":142,"column":19}},"74":{"start":{"line":143,"column":17},"end":{"line":143,"column":19}},"75":{"start":{"line":144,"column":4},"end":{"line":149,"column":5}},"76":{"start":{"line":145,"column":6},"end":{"line":145,"column":19}},"77":{"start":{"line":147,"column":6},"end":{"line":147,"column":53}},"78":{"start":{"line":148,"column":6},"end":{"line":148,"column":57}},"79":{"start":{"line":150,"column":4},"end":{"line":240,"column":5}},"80":{"start":{"line":151,"column":21},"end":{"line":151,"column":47}},"81":{"start":{"line":152,"column":6},"end":{"line":179,"column":8}},"82":{"start":{"line":153,"column":8},"end":{"line":163,"column":9}},"83":{"start":{"line":154,"column":10},"end":{"line":162,"column":11}},"84":{"start":{"line":154,"column":23},"end":{"line":154,"column":24}},"85":{"start":{"line":155,"column":12},"end":{"line":161,"column":13}},"86":{"start":{"line":156,"column":14},"end":{"line":156,"column":92}},"87":{"start":{"line":156,"column":70},"end":{"line":156,"column":92}},"88":{"start":{"line":157,"column":14},"end":{"line":157,"column":95}},"89":{"start":{"line":157,"column":73},"end":{"line":157,"column":95}},"90":{"start":{"line":159,"column":14},"end":{"line":159,"column":152}},"91":{"start":{"line":159,"column":130},"end":{"line":159,"column":152}},"92":{"start":{"line":160,"column":14},"end":{"line":160,"column":152}},"93":{"start":{"line":160,"column":130},"end":{"line":160,"column":152}},"94":{"start":{"line":164,"column":24},"end":{"line":164,"column":51}},"95":{"start":{"line":165,"column":8},"end":{"line":178,"column":10}},"96":{"start":{"line":166,"column":10},"end":{"line":176,"column":11}},"97":{"start":{"line":167,"column":12},"end":{"line":175,"column":13}},"98":{"start":{"line":167,"column":25},"end":{"line":167,"column":26}},"99":{"start":{"line":168,"column":14},"end":{"line":174,"column":15}},"100":{"start":{"line":169,"column":16},"end":{"line":169,"column":94}},"101":{"start":{"line":169,"column":72},"end":{"line":169,"column":94}},"102":{"start":{"line":170,"column":16},"end":{"line":170,"column":97}},"103":{"start":{"line":170,"column":75},"end":{"line":170,"column":97}},"104":{"start":{"line":172,"column":16},"end":{"line":172,"column":154}},"105":{"start":{"line":172,"column":132},"end":{"line":172,"column":154}},"106":{"start":{"line":173,"column":16},"end":{"line":173,"column":154}},"107":{"start":{"line":173,"column":132},"end":{"line":173,"column":154}},"108":{"start":{"line":177,"column":10},"end":{"line":177,"column":79}},"109":{"start":{"line":180,"column":11},"end":{"line":240,"column":5}},"110":{"start":{"line":181,"column":22},"end":{"line":181,"column":49}},"111":{"start":{"line":182,"column":6},"end":{"line":209,"column":8}},"112":{"start":{"line":183,"column":8},"end":{"line":193,"column":9}},"113":{"start":{"line":184,"column":10},"end":{"line":192,"column":11}},"114":{"start":{"line":184,"column":23},"end":{"line":184,"column":24}},"115":{"start":{"line":185,"column":12},"end":{"line":191,"column":13}},"116":{"start":{"line":186,"column":14},"end":{"line":186,"column":92}},"117":{"start":{"line":186,"column":70},"end":{"line":186,"column":92}},"118":{"start":{"line":187,"column":14},"end":{"line":187,"column":95}},"119":{"start":{"line":187,"column":73},"end":{"line":187,"column":95}},"120":{"start":{"line":189,"column":14},"end":{"line":189,"column":152}},"121":{"start":{"line":189,"column":130},"end":{"line":189,"column":152}},"122":{"start":{"line":190,"column":14},"end":{"line":190,"column":152}},"123":{"start":{"line":190,"column":130},"end":{"line":190,"column":152}},"124":{"start":{"line":194,"column":24},"end":{"line":194,"column":51}},"125":{"start":{"line":195,"column":8},"end":{"line":208,"column":10}},"126":{"start":{"line":196,"column":10},"end":{"line":206,"column":11}},"127":{"start":{"line":197,"column":12},"end":{"line":205,"column":13}},"128":{"start":{"line":197,"column":25},"end":{"line":197,"column":26}},"129":{"start":{"line":198,"column":14},"end":{"line":204,"column":15}},"130":{"start":{"line":199,"column":16},"end":{"line":199,"column":94}},"131":{"start":{"line":199,"column":72},"end":{"line":199,"column":94}},"132":{"start":{"line":200,"column":16},"end":{"line":200,"column":97}},"133":{"start":{"line":200,"column":75},"end":{"line":200,"column":97}},"134":{"start":{"line":202,"column":16},"end":{"line":202,"column":154}},"135":{"start":{"line":202,"column":132},"end":{"line":202,"column":154}},"136":{"start":{"line":203,"column":16},"end":{"line":203,"column":154}},"137":{"start":{"line":203,"column":132},"end":{"line":203,"column":154}},"138":{"start":{"line":207,"column":10},"end":{"line":207,"column":74}},"139":{"start":{"line":210,"column":11},"end":{"line":240,"column":5}},"140":{"start":{"line":211,"column":22},"end":{"line":211,"column":48}},"141":{"start":{"line":212,"column":6},"end":{"line":239,"column":8}},"142":{"start":{"line":213,"column":8},"end":{"line":223,"column":9}},"143":{"start":{"line":214,"column":10},"end":{"line":222,"column":11}},"144":{"start":{"line":214,"column":23},"end":{"line":214,"column":24}},"145":{"start":{"line":215,"column":12},"end":{"line":221,"column":13}},"146":{"start":{"line":216,"column":14},"end":{"line":216,"column":92}},"147":{"start":{"line":216,"column":70},"end":{"line":216,"column":92}},"148":{"start":{"line":217,"column":14},"end":{"line":217,"column":95}},"149":{"start":{"line":217,"column":73},"end":{"line":217,"column":95}},"150":{"start":{"line":219,"column":14},"end":{"line":219,"column":152}},"151":{"start":{"line":219,"column":130},"end":{"line":219,"column":152}},"152":{"start":{"line":220,"column":14},"end":{"line":220,"column":152}},"153":{"start":{"line":220,"column":130},"end":{"line":220,"column":152}},"154":{"start":{"line":224,"column":24},"end":{"line":224,"column":51}},"155":{"start":{"line":225,"column":8},"end":{"line":238,"column":10}},"156":{"start":{"line":226,"column":10},"end":{"line":236,"column":11}},"157":{"start":{"line":227,"column":12},"end":{"line":235,"column":13}},"158":{"start":{"line":227,"column":25},"end":{"line":227,"column":26}},"159":{"start":{"line":228,"column":14},"end":{"line":234,"column":15}},"160":{"start":{"line":229,"column":16},"end":{"line":229,"column":94}},"161":{"start":{"line":229,"column":72},"end":{"line":229,"column":94}},"162":{"start":{"line":230,"column":16},"end":{"line":230,"column":97}},"163":{"start":{"line":230,"column":75},"end":{"line":230,"column":97}},"164":{"start":{"line":232,"column":16},"end":{"line":232,"column":154}},"165":{"start":{"line":232,"column":132},"end":{"line":232,"column":154}},"166":{"start":{"line":233,"column":16},"end":{"line":233,"column":154}},"167":{"start":{"line":233,"column":132},"end":{"line":233,"column":154}},"168":{"start":{"line":237,"column":10},"end":{"line":237,"column":79}},"169":{"start":{"line":251,"column":0},"end":{"line":258,"column":1}},"170":{"start":{"line":252,"column":2},"end":{"line":257,"column":4}},"171":{"start":{"line":253,"column":18},"end":{"line":253,"column":76}},"172":{"start":{"line":254,"column":4},"end":{"line":256,"column":6}},"173":{"start":{"line":255,"column":6},"end":{"line":255,"column":21}},"174":{"start":{"line":265,"column":0},"end":{"line":272,"column":1}},"175":{"start":{"line":266,"column":2},"end":{"line":271,"column":4}},"176":{"start":{"line":267,"column":14},"end":{"line":267,"column":50}},"177":{"start":{"line":268,"column":4},"end":{"line":270,"column":6}},"178":{"start":{"line":269,"column":6},"end":{"line":269,"column":21}}},"fnMap":{"0":{"name":"(anonymous_0)","decl":{"start":{"line":12,"column":25},"end":{"line":12,"column":26}},"loc":{"start":{"line":12,"column":46},"end":{"line":28,"column":1}},"line":12},"1":{"name":"(anonymous_1)","decl":{"start":{"line":13,"column":21},"end":{"line":13,"column":22}},"loc":{"start":{"line":13,"column":48},"end":{"line":27,"column":3}},"line":13},"2":{"name":"(anonymous_2)","decl":{"start":{"line":24,"column":15},"end":{"line":24,"column":16}},"loc":{"start":{"line":24,"column":33},"end":{"line":26,"column":5}},"line":24},"3":{"name":"(anonymous_3)","decl":{"start":{"line":37,"column":25},"end":{"line":37,"column":26}},"loc":{"start":{"line":37,"column":58},"end":{"line":77,"column":1}},"line":37},"4":{"name":"(anonymous_4)","decl":{"start":{"line":38,"column":21},"end":{"line":38,"column":22}},"loc":{"start":{"line":38,"column":48},"end":{"line":76,"column":3}},"line":38},"5":{"name":"(anonymous_5)","decl":{"start":{"line":40,"column":14},"end":{"line":40,"column":15}},"loc":{"start":{"line":40,"column":32},"end":{"line":75,"column":5}},"line":40},"6":{"name":"(anonymous_6)","decl":{"start":{"line":49,"column":23},"end":{"line":49,"column":24}},"loc":{"start":{"line":49,"column":39},"end":{"line":53,"column":7}},"line":49},"7":{"name":"(anonymous_7)","decl":{"start":{"line":63,"column":26},"end":{"line":63,"column":27}},"loc":{"start":{"line":63,"column":42},"end":{"line":67,"column":7}},"line":63},"8":{"name":"(anonymous_8)","decl":{"start":{"line":85,"column":22},"end":{"line":85,"column":23}},"loc":{"start":{"line":85,"column":46},"end":{"line":97,"column":1}},"line":85},"9":{"name":"(anonymous_9)","decl":{"start":{"line":86,"column":21},"end":{"line":86,"column":22}},"loc":{"start":{"line":86,"column":48},"end":{"line":96,"column":3}},"line":86},"10":{"name":"(anonymous_10)","decl":{"start":{"line":93,"column":14},"end":{"line":93,"column":15}},"loc":{"start":{"line":93,"column":32},"end":{"line":95,"column":5}},"line":93},"11":{"name":"(anonymous_11)","decl":{"start":{"line":105,"column":24},"end":{"line":105,"column":25}},"loc":{"start":{"line":105,"column":49},"end":{"line":113,"column":1}},"line":105},"12":{"name":"(anonymous_12)","decl":{"start":{"line":106,"column":21},"end":{"line":106,"column":22}},"loc":{"start":{"line":106,"column":48},"end":{"line":112,"column":3}},"line":106},"13":{"name":"(anonymous_13)","decl":{"start":{"line":108,"column":16},"end":{"line":108,"column":17}},"loc":{"start":{"line":108,"column":34},"end":{"line":111,"column":5}},"line":108},"14":{"name":"(anonymous_14)","decl":{"start":{"line":121,"column":24},"end":{"line":121,"column":25}},"loc":{"start":{"line":121,"column":50},"end":{"line":129,"column":1}},"line":121},"15":{"name":"(anonymous_15)","decl":{"start":{"line":122,"column":21},"end":{"line":122,"column":22}},"loc":{"start":{"line":122,"column":48},"end":{"line":128,"column":3}},"line":122},"16":{"name":"(anonymous_16)","decl":{"start":{"line":124,"column":16},"end":{"line":124,"column":17}},"loc":{"start":{"line":124,"column":34},"end":{"line":127,"column":5}},"line":124},"17":{"name":"(anonymous_17)","decl":{"start":{"line":138,"column":21},"end":{"line":138,"column":22}},"loc":{"start":{"line":138,"column":50},"end":{"line":242,"column":1}},"line":138},"18":{"name":"(anonymous_18)","decl":{"start":{"line":139,"column":21},"end":{"line":139,"column":22}},"loc":{"start":{"line":139,"column":48},"end":{"line":241,"column":3}},"line":139},"19":{"name":"(anonymous_19)","decl":{"start":{"line":152,"column":20},"end":{"line":152,"column":21}},"loc":{"start":{"line":152,"column":38},"end":{"line":179,"column":7}},"line":152},"20":{"name":"(anonymous_20)","decl":{"start":{"line":165,"column":23},"end":{"line":165,"column":24}},"loc":{"start":{"line":165,"column":41},"end":{"line":178,"column":9}},"line":165},"21":{"name":"(anonymous_21)","decl":{"start":{"line":182,"column":21},"end":{"line":182,"column":22}},"loc":{"start":{"line":182,"column":39},"end":{"line":209,"column":7}},"line":182},"22":{"name":"(anonymous_22)","decl":{"start":{"line":195,"column":23},"end":{"line":195,"column":24}},"loc":{"start":{"line":195,"column":41},"end":{"line":208,"column":9}},"line":195},"23":{"name":"(anonymous_23)","decl":{"start":{"line":212,"column":21},"end":{"line":212,"column":22}},"loc":{"start":{"line":212,"column":39},"end":{"line":239,"column":7}},"line":212},"24":{"name":"(anonymous_24)","decl":{"start":{"line":225,"column":23},"end":{"line":225,"column":24}},"loc":{"start":{"line":225,"column":41},"end":{"line":238,"column":9}},"line":225},"25":{"name":"(anonymous_25)","decl":{"start":{"line":251,"column":30},"end":{"line":251,"column":31}},"loc":{"start":{"line":251,"column":69},"end":{"line":258,"column":1}},"line":251},"26":{"name":"(anonymous_26)","decl":{"start":{"line":252,"column":21},"end":{"line":252,"column":22}},"loc":{"start":{"line":252,"column":48},"end":{"line":257,"column":3}},"line":252},"27":{"name":"(anonymous_27)","decl":{"start":{"line":254,"column":17},"end":{"line":254,"column":18}},"loc":{"start":{"line":254,"column":35},"end":{"line":256,"column":5}},"line":254},"28":{"name":"(anonymous_28)","decl":{"start":{"line":265,"column":22},"end":{"line":265,"column":23}},"loc":{"start":{"line":265,"column":44},"end":{"line":272,"column":1}},"line":265},"29":{"name":"(anonymous_29)","decl":{"start":{"line":266,"column":21},"end":{"line":266,"column":22}},"loc":{"start":{"line":266,"column":48},"end":{"line":271,"column":3}},"line":266},"30":{"name":"(anonymous_30)","decl":{"start":{"line":268,"column":13},"end":{"line":268,"column":14}},"loc":{"start":{"line":268,"column":31},"end":{"line":270,"column":5}},"line":268}},"branchMap":{"0":{"loc":{"start":{"line":15,"column":4},"end":{"line":23,"column":5}},"type":"if","locations":[{"start":{"line":15,"column":4},"end":{"line":23,"column":5}},{"start":{"line":15,"column":4},"end":{"line":23,"column":5}}],"line":15},"1":{"loc":{"start":{"line":17,"column":11},"end":{"line":23,"column":5}},"type":"if","locations":[{"start":{"line":17,"column":11},"end":{"line":23,"column":5}},{"start":{"line":17,"column":11},"end":{"line":23,"column":5}}],"line":17},"2":{"loc":{"start":{"line":19,"column":11},"end":{"line":23,"column":5}},"type":"if","locations":[{"start":{"line":19,"column":11},"end":{"line":23,"column":5}},{"start":{"line":19,"column":11},"end":{"line":23,"column":5}}],"line":19},"3":{"loc":{"start":{"line":50,"column":8},"end":{"line":50,"column":52}},"type":"if","locations":[{"start":{"line":50,"column":8},"end":{"line":50,"column":52}},{"start":{"line":50,"column":8},"end":{"line":50,"column":52}}],"line":50},"4":{"loc":{"start":{"line":51,"column":8},"end":{"line":51,"column":51}},"type":"if","locations":[{"start":{"line":51,"column":8},"end":{"line":51,"column":51}},{"start":{"line":51,"column":8},"end":{"line":51,"column":51}}],"line":51},"5":{"loc":{"start":{"line":64,"column":8},"end":{"line":64,"column":52}},"type":"if","locations":[{"start":{"line":64,"column":8},"end":{"line":64,"column":52}},{"start":{"line":64,"column":8},"end":{"line":64,"column":52}}],"line":64},"6":{"loc":{"start":{"line":65,"column":8},"end":{"line":65,"column":51}},"type":"if","locations":[{"start":{"line":65,"column":8},"end":{"line":65,"column":51}},{"start":{"line":65,"column":8},"end":{"line":65,"column":51}}],"line":65},"7":{"loc":{"start":{"line":109,"column":6},"end":{"line":110,"column":33}},"type":"if","locations":[{"start":{"line":109,"column":6},"end":{"line":110,"column":33}},{"start":{"line":109,"column":6},"end":{"line":110,"column":33}}],"line":109},"8":{"loc":{"start":{"line":125,"column":6},"end":{"line":126,"column":32}},"type":"if","locations":[{"start":{"line":125,"column":6},"end":{"line":126,"column":32}},{"start":{"line":125,"column":6},"end":{"line":126,"column":32}}],"line":125},"9":{"loc":{"start":{"line":144,"column":4},"end":{"line":149,"column":5}},"type":"if","locations":[{"start":{"line":144,"column":4},"end":{"line":149,"column":5}},{"start":{"line":144,"column":4},"end":{"line":149,"column":5}}],"line":144},"10":{"loc":{"start":{"line":150,"column":4},"end":{"line":240,"column":5}},"type":"if","locations":[{"start":{"line":150,"column":4},"end":{"line":240,"column":5}},{"start":{"line":150,"column":4},"end":{"line":240,"column":5}}],"line":150},"11":{"loc":{"start":{"line":153,"column":8},"end":{"line":163,"column":9}},"type":"if","locations":[{"start":{"line":153,"column":8},"end":{"line":163,"column":9}},{"start":{"line":153,"column":8},"end":{"line":163,"column":9}}],"line":153},"12":{"loc":{"start":{"line":155,"column":12},"end":{"line":161,"column":13}},"type":"if","locations":[{"start":{"line":155,"column":12},"end":{"line":161,"column":13}},{"start":{"line":155,"column":12},"end":{"line":161,"column":13}}],"line":155},"13":{"loc":{"start":{"line":156,"column":14},"end":{"line":156,"column":92}},"type":"if","locations":[{"start":{"line":156,"column":14},"end":{"line":156,"column":92}},{"start":{"line":156,"column":14},"end":{"line":156,"column":92}}],"line":156},"14":{"loc":{"start":{"line":157,"column":14},"end":{"line":157,"column":95}},"type":"if","locations":[{"start":{"line":157,"column":14},"end":{"line":157,"column":95}},{"start":{"line":157,"column":14},"end":{"line":157,"column":95}}],"line":157},"15":{"loc":{"start":{"line":159,"column":14},"end":{"line":159,"column":152}},"type":"if","locations":[{"start":{"line":159,"column":14},"end":{"line":159,"column":152}},{"start":{"line":159,"column":14},"end":{"line":159,"column":152}}],"line":159},"16":{"loc":{"start":{"line":159,"column":18},"end":{"line":159,"column":128}},"type":"binary-expr","locations":[{"start":{"line":159,"column":18},"end":{"line":159,"column":68}},{"start":{"line":159,"column":72},"end":{"line":159,"column":128}}],"line":159},"17":{"loc":{"start":{"line":160,"column":14},"end":{"line":160,"column":152}},"type":"if","locations":[{"start":{"line":160,"column":14},"end":{"line":160,"column":152}},{"start":{"line":160,"column":14},"end":{"line":160,"column":152}}],"line":160},"18":{"loc":{"start":{"line":160,"column":18},"end":{"line":160,"column":128}},"type":"binary-expr","locations":[{"start":{"line":160,"column":18},"end":{"line":160,"column":71}},{"start":{"line":160,"column":75},"end":{"line":160,"column":128}}],"line":160},"19":{"loc":{"start":{"line":166,"column":10},"end":{"line":176,"column":11}},"type":"if","locations":[{"start":{"line":166,"column":10},"end":{"line":176,"column":11}},{"start":{"line":166,"column":10},"end":{"line":176,"column":11}}],"line":166},"20":{"loc":{"start":{"line":168,"column":14},"end":{"line":174,"column":15}},"type":"if","locations":[{"start":{"line":168,"column":14},"end":{"line":174,"column":15}},{"start":{"line":168,"column":14},"end":{"line":174,"column":15}}],"line":168},"21":{"loc":{"start":{"line":169,"column":16},"end":{"line":169,"column":94}},"type":"if","locations":[{"start":{"line":169,"column":16},"end":{"line":169,"column":94}},{"start":{"line":169,"column":16},"end":{"line":169,"column":94}}],"line":169},"22":{"loc":{"start":{"line":170,"column":16},"end":{"line":170,"column":97}},"type":"if","locations":[{"start":{"line":170,"column":16},"end":{"line":170,"column":97}},{"start":{"line":170,"column":16},"end":{"line":170,"column":97}}],"line":170},"23":{"loc":{"start":{"line":172,"column":16},"end":{"line":172,"column":154}},"type":"if","locations":[{"start":{"line":172,"column":16},"end":{"line":172,"column":154}},{"start":{"line":172,"column":16},"end":{"line":172,"column":154}}],"line":172},"24":{"loc":{"start":{"line":172,"column":20},"end":{"line":172,"column":130}},"type":"binary-expr","locations":[{"start":{"line":172,"column":20},"end":{"line":172,"column":70}},{"start":{"line":172,"column":74},"end":{"line":172,"column":130}}],"line":172},"25":{"loc":{"start":{"line":173,"column":16},"end":{"line":173,"column":154}},"type":"if","locations":[{"start":{"line":173,"column":16},"end":{"line":173,"column":154}},{"start":{"line":173,"column":16},"end":{"line":173,"column":154}}],"line":173},"26":{"loc":{"start":{"line":173,"column":20},"end":{"line":173,"column":130}},"type":"binary-expr","locations":[{"start":{"line":173,"column":20},"end":{"line":173,"column":73}},{"start":{"line":173,"column":77},"end":{"line":173,"column":130}}],"line":173},"27":{"loc":{"start":{"line":180,"column":11},"end":{"line":240,"column":5}},"type":"if","locations":[{"start":{"line":180,"column":11},"end":{"line":240,"column":5}},{"start":{"line":180,"column":11},"end":{"line":240,"column":5}}],"line":180},"28":{"loc":{"start":{"line":183,"column":8},"end":{"line":193,"column":9}},"type":"if","locations":[{"start":{"line":183,"column":8},"end":{"line":193,"column":9}},{"start":{"line":183,"column":8},"end":{"line":193,"column":9}}],"line":183},"29":{"loc":{"start":{"line":185,"column":12},"end":{"line":191,"column":13}},"type":"if","locations":[{"start":{"line":185,"column":12},"end":{"line":191,"column":13}},{"start":{"line":185,"column":12},"end":{"line":191,"column":13}}],"line":185},"30":{"loc":{"start":{"line":186,"column":14},"end":{"line":186,"column":92}},"type":"if","locations":[{"start":{"line":186,"column":14},"end":{"line":186,"column":92}},{"start":{"line":186,"column":14},"end":{"line":186,"column":92}}],"line":186},"31":{"loc":{"start":{"line":187,"column":14},"end":{"line":187,"column":95}},"type":"if","locations":[{"start":{"line":187,"column":14},"end":{"line":187,"column":95}},{"start":{"line":187,"column":14},"end":{"line":187,"column":95}}],"line":187},"32":{"loc":{"start":{"line":189,"column":14},"end":{"line":189,"column":152}},"type":"if","locations":[{"start":{"line":189,"column":14},"end":{"line":189,"column":152}},{"start":{"line":189,"column":14},"end":{"line":189,"column":152}}],"line":189},"33":{"loc":{"start":{"line":189,"column":18},"end":{"line":189,"column":128}},"type":"binary-expr","locations":[{"start":{"line":189,"column":18},"end":{"line":189,"column":68}},{"start":{"line":189,"column":72},"end":{"line":189,"column":128}}],"line":189},"34":{"loc":{"start":{"line":190,"column":14},"end":{"line":190,"column":152}},"type":"if","locations":[{"start":{"line":190,"column":14},"end":{"line":190,"column":152}},{"start":{"line":190,"column":14},"end":{"line":190,"column":152}}],"line":190},"35":{"loc":{"start":{"line":190,"column":18},"end":{"line":190,"column":128}},"type":"binary-expr","locations":[{"start":{"line":190,"column":18},"end":{"line":190,"column":71}},{"start":{"line":190,"column":75},"end":{"line":190,"column":128}}],"line":190},"36":{"loc":{"start":{"line":196,"column":10},"end":{"line":206,"column":11}},"type":"if","locations":[{"start":{"line":196,"column":10},"end":{"line":206,"column":11}},{"start":{"line":196,"column":10},"end":{"line":206,"column":11}}],"line":196},"37":{"loc":{"start":{"line":198,"column":14},"end":{"line":204,"column":15}},"type":"if","locations":[{"start":{"line":198,"column":14},"end":{"line":204,"column":15}},{"start":{"line":198,"column":14},"end":{"line":204,"column":15}}],"line":198},"38":{"loc":{"start":{"line":199,"column":16},"end":{"line":199,"column":94}},"type":"if","locations":[{"start":{"line":199,"column":16},"end":{"line":199,"column":94}},{"start":{"line":199,"column":16},"end":{"line":199,"column":94}}],"line":199},"39":{"loc":{"start":{"line":200,"column":16},"end":{"line":200,"column":97}},"type":"if","locations":[{"start":{"line":200,"column":16},"end":{"line":200,"column":97}},{"start":{"line":200,"column":16},"end":{"line":200,"column":97}}],"line":200},"40":{"loc":{"start":{"line":202,"column":16},"end":{"line":202,"column":154}},"type":"if","locations":[{"start":{"line":202,"column":16},"end":{"line":202,"column":154}},{"start":{"line":202,"column":16},"end":{"line":202,"column":154}}],"line":202},"41":{"loc":{"start":{"line":202,"column":20},"end":{"line":202,"column":130}},"type":"binary-expr","locations":[{"start":{"line":202,"column":20},"end":{"line":202,"column":70}},{"start":{"line":202,"column":74},"end":{"line":202,"column":130}}],"line":202},"42":{"loc":{"start":{"line":203,"column":16},"end":{"line":203,"column":154}},"type":"if","locations":[{"start":{"line":203,"column":16},"end":{"line":203,"column":154}},{"start":{"line":203,"column":16},"end":{"line":203,"column":154}}],"line":203},"43":{"loc":{"start":{"line":203,"column":20},"end":{"line":203,"column":130}},"type":"binary-expr","locations":[{"start":{"line":203,"column":20},"end":{"line":203,"column":73}},{"start":{"line":203,"column":77},"end":{"line":203,"column":130}}],"line":203},"44":{"loc":{"start":{"line":210,"column":11},"end":{"line":240,"column":5}},"type":"if","locations":[{"start":{"line":210,"column":11},"end":{"line":240,"column":5}},{"start":{"line":210,"column":11},"end":{"line":240,"column":5}}],"line":210},"45":{"loc":{"start":{"line":213,"column":8},"end":{"line":223,"column":9}},"type":"if","locations":[{"start":{"line":213,"column":8},"end":{"line":223,"column":9}},{"start":{"line":213,"column":8},"end":{"line":223,"column":9}}],"line":213},"46":{"loc":{"start":{"line":215,"column":12},"end":{"line":221,"column":13}},"type":"if","locations":[{"start":{"line":215,"column":12},"end":{"line":221,"column":13}},{"start":{"line":215,"column":12},"end":{"line":221,"column":13}}],"line":215},"47":{"loc":{"start":{"line":216,"column":14},"end":{"line":216,"column":92}},"type":"if","locations":[{"start":{"line":216,"column":14},"end":{"line":216,"column":92}},{"start":{"line":216,"column":14},"end":{"line":216,"column":92}}],"line":216},"48":{"loc":{"start":{"line":217,"column":14},"end":{"line":217,"column":95}},"type":"if","locations":[{"start":{"line":217,"column":14},"end":{"line":217,"column":95}},{"start":{"line":217,"column":14},"end":{"line":217,"column":95}}],"line":217},"49":{"loc":{"start":{"line":219,"column":14},"end":{"line":219,"column":152}},"type":"if","locations":[{"start":{"line":219,"column":14},"end":{"line":219,"column":152}},{"start":{"line":219,"column":14},"end":{"line":219,"column":152}}],"line":219},"50":{"loc":{"start":{"line":219,"column":18},"end":{"line":219,"column":128}},"type":"binary-expr","locations":[{"start":{"line":219,"column":18},"end":{"line":219,"column":68}},{"start":{"line":219,"column":72},"end":{"line":219,"column":128}}],"line":219},"51":{"loc":{"start":{"line":220,"column":14},"end":{"line":220,"column":152}},"type":"if","locations":[{"start":{"line":220,"column":14},"end":{"line":220,"column":152}},{"start":{"line":220,"column":14},"end":{"line":220,"column":152}}],"line":220},"52":{"loc":{"start":{"line":220,"column":18},"end":{"line":220,"column":128}},"type":"binary-expr","locations":[{"start":{"line":220,"column":18},"end":{"line":220,"column":71}},{"start":{"line":220,"column":75},"end":{"line":220,"column":128}}],"line":220},"53":{"loc":{"start":{"line":226,"column":10},"end":{"line":236,"column":11}},"type":"if","locations":[{"start":{"line":226,"column":10},"end":{"line":236,"column":11}},{"start":{"line":226,"column":10},"end":{"line":236,"column":11}}],"line":226},"54":{"loc":{"start":{"line":228,"column":14},"end":{"line":234,"column":15}},"type":"if","locations":[{"start":{"line":228,"column":14},"end":{"line":234,"column":15}},{"start":{"line":228,"column":14},"end":{"line":234,"column":15}}],"line":228},"55":{"loc":{"start":{"line":229,"column":16},"end":{"line":229,"column":94}},"type":"if","locations":[{"start":{"line":229,"column":16},"end":{"line":229,"column":94}},{"start":{"line":229,"column":16},"end":{"line":229,"column":94}}],"line":229},"56":{"loc":{"start":{"line":230,"column":16},"end":{"line":230,"column":97}},"type":"if","locations":[{"start":{"line":230,"column":16},"end":{"line":230,"column":97}},{"start":{"line":230,"column":16},"end":{"line":230,"column":97}}],"line":230},"57":{"loc":{"start":{"line":232,"column":16},"end":{"line":232,"column":154}},"type":"if","locations":[{"start":{"line":232,"column":16},"end":{"line":232,"column":154}},{"start":{"line":232,"column":16},"end":{"line":232,"column":154}}],"line":232},"58":{"loc":{"start":{"line":232,"column":20},"end":{"line":232,"column":130}},"type":"binary-expr","locations":[{"start":{"line":232,"column":20},"end":{"line":232,"column":70}},{"start":{"line":232,"column":74},"end":{"line":232,"column":130}}],"line":232},"59":{"loc":{"start":{"line":233,"column":16},"end":{"line":233,"column":154}},"type":"if","locations":[{"start":{"line":233,"column":16},"end":{"line":233,"column":154}},{"start":{"line":233,"column":16},"end":{"line":233,"column":154}}],"line":233},"60":{"loc":{"start":{"line":233,"column":20},"end":{"line":233,"column":130}},"type":"binary-expr","locations":[{"start":{"line":233,"column":20},"end":{"line":233,"column":73}},{"start":{"line":233,"column":77},"end":{"line":233,"column":130}}],"line":233}},"s":{"0":1,"1":1,"2":1,"3":1,"4":1,"5":4,"6":4,"7":4,"8":1,"9":3,"10":1,"11":2,"12":1,"13":1,"14":4,"15":3,"16":1,"17":2,"18":2,"19":2,"20":2,"21":2,"22":2,"23":2,"24":2,"25":2,"26":0,"27":0,"28":0,"29":0,"30":0,"31":2,"32":2,"33":2,"34":2,"35":2,"36":0,"37":0,"38":0,"39":0,"40":0,"41":2,"42":2,"43":2,"44":2,"45":1,"46":7,"47":7,"48":7,"49":7,"50":7,"51":7,"52":7,"53":7,"54":7,"55":1,"56":3,"57":3,"58":3,"59":3,"60":2,"61":1,"62":1,"63":3,"64":3,"65":3,"66":3,"67":2,"68":1,"69":1,"70":9,"71":9,"72":9,"73":9,"74":9,"75":9,"76":6,"77":3,"78":3,"79":9,"80":3,"81":3,"82":3,"83":3,"84":3,"85":31,"86":21,"87":1,"88":21,"89":0,"90":10,"91":1,"92":10,"93":0,"94":3,"95":3,"96":3,"97":3,"98":3,"99":15,"100":10,"101":0,"102":10,"103":0,"104":5,"105":0,"106":5,"107":0,"108":3,"109":6,"110":3,"111":3,"112":3,"113":3,"114":3,"115":19,"116":13,"117":1,"118":13,"119":0,"120":6,"121":0,"122":6,"123":0,"124":3,"125":3,"126":3,"127":3,"128":3,"129":15,"130":10,"131":1,"132":10,"133":0,"134":5,"135":0,"136":5,"137":0,"138":3,"139":3,"140":3,"141":3,"142":3,"143":3,"144":3,"145":31,"146":21,"147":1,"148":21,"149":0,"150":10,"151":1,"152":10,"153":0,"154":3,"155":3,"156":3,"157":3,"158":3,"159":19,"160":13,"161":0,"162":13,"163":0,"164":6,"165":0,"166":6,"167":0,"168":3,"169":1,"170":4,"171":4,"172":4,"173":4,"174":1,"175":2,"176":2,"177":2,"178":2},"f":{"0":4,"1":4,"2":3,"3":2,"4":2,"5":2,"6":0,"7":0,"8":7,"9":7,"10":7,"11":3,"12":3,"13":3,"14":3,"15":3,"16":3,"17":9,"18":9,"19":3,"20":3,"21":3,"22":3,"23":3,"24":3,"25":4,"26":4,"27":4,"28":2,"29":2,"30":2},"b":{"0":[1,3],"1":[1,2],"2":[1,1],"3":[0,0],"4":[0,0],"5":[0,0],"6":[0,0],"7":[2,1],"8":[2,1],"9":[6,3],"10":[3,6],"11":[3,0],"12":[21,10],"13":[1,20],"14":[0,21],"15":[1,9],"16":[10,1],"17":[0,10],"18":[10,0],"19":[3,0],"20":[10,5],"21":[0,10],"22":[0,10],"23":[0,5],"24":[5,0],"25":[0,5],"26":[5,0],"27":[3,3],"28":[3,0],"29":[13,6],"30":[1,12],"31":[0,13],"32":[0,6],"33":[6,1],"34":[0,6],"35":[6,0],"36":[3,0],"37":[10,5],"38":[1,9],"39":[0,10],"40":[0,5],"41":[5,0],"42":[0,5],"43":[5,0],"44":[3,0],"45":[3,0],"46":[21,10],"47":[1,20],"48":[0,21],"49":[1,9],"50":[10,1],"51":[0,10],"52":[10,0],"53":[3,0],"54":[13,6],"55":[0,13],"56":[0,13],"57":[0,6],"58":[6,0],"59":[0,6],"60":[6,0]},"_coverageSchema":"1a1c01bbd47fc00a2c39e90264f33305004495a9","hash":"c42c4a705ab1ecc3abb77a0d299cdfc9e28474ed","contentHash":"9b080d291499a516ec751cd39c9acc09fd360e56b6727c0a0445cbadabeb1ce0"},"/Users/salvatore/Desktop/EasyAgreement-IGES/app/models/academicTutor.js":{"path":"/Users/salvatore/Desktop/EasyAgreement-IGES/app/models/academicTutor.js","statementMap":{"0":{"start":{"line":1,"column":18},"end":{"line":1,"column":48}},"1":{"start":{"line":4,"column":12},"end":{"line":4,"column":53}},"2":{"start":{"line":7,"column":15},"end":{"line":7,"column":30}},"3":{"start":{"line":15,"column":4},"end":{"line":15,"column":22}},"4":{"start":{"line":16,"column":4},"end":{"line":16,"column":24}},"5":{"start":{"line":17,"column":4},"end":{"line":17,"column":23}},"6":{"start":{"line":18,"column":4},"end":{"line":18,"column":20}},"7":{"start":{"line":19,"column":4},"end":{"line":19,"column":26}},"8":{"start":{"line":27,"column":4},"end":{"line":27,"column":22}},"9":{"start":{"line":35,"column":4},"end":{"line":35,"column":24}},"10":{"start":{"line":43,"column":4},"end":{"line":43,"column":23}},"11":{"start":{"line":51,"column":4},"end":{"line":51,"column":20}},"12":{"start":{"line":59,"column":4},"end":{"line":59,"column":26}},"13":{"start":{"line":67,"column":4},"end":{"line":67,"column":23}},"14":{"start":{"line":75,"column":4},"end":{"line":75,"column":28}},"15":{"start":{"line":83,"column":4},"end":{"line":83,"column":26}},"16":{"start":{"line":91,"column":4},"end":{"line":91,"column":20}},"17":{"start":{"line":99,"column":4},"end":{"line":99,"column":32}},"18":{"start":{"line":108,"column":4},"end":{"line":118,"column":6}},"19":{"start":{"line":109,"column":6},"end":{"line":117,"column":8}},"20":{"start":{"line":110,"column":8},"end":{"line":110,"column":26}},"21":{"start":{"line":110,"column":17},"end":{"line":110,"column":26}},"22":{"start":{"line":111,"column":18},"end":{"line":111,"column":31}},"23":{"start":{"line":112,"column":8},"end":{"line":116,"column":10}},"24":{"start":{"line":113,"column":10},"end":{"line":113,"column":28}},"25":{"start":{"line":113,"column":19},"end":{"line":113,"column":28}},"26":{"start":{"line":114,"column":10},"end":{"line":114,"column":19}},"27":{"start":{"line":115,"column":10},"end":{"line":115,"column":20}},"28":{"start":{"line":127,"column":4},"end":{"line":141,"column":6}},"29":{"start":{"line":128,"column":6},"end":{"line":140,"column":8}},"30":{"start":{"line":129,"column":8},"end":{"line":129,"column":28}},"31":{"start":{"line":129,"column":17},"end":{"line":129,"column":28}},"32":{"start":{"line":130,"column":18},"end":{"line":130,"column":31}},"33":{"start":{"line":131,"column":8},"end":{"line":139,"column":10}},"34":{"start":{"line":132,"column":10},"end":{"line":132,"column":30}},"35":{"start":{"line":132,"column":19},"end":{"line":132,"column":30}},"36":{"start":{"line":133,"column":10},"end":{"line":137,"column":11}},"37":{"start":{"line":134,"column":12},"end":{"line":134,"column":26}},"38":{"start":{"line":136,"column":12},"end":{"line":136,"column":25}},"39":{"start":{"line":138,"column":10},"end":{"line":138,"column":20}},"40":{"start":{"line":150,"column":4},"end":{"line":170,"column":6}},"41":{"start":{"line":151,"column":6},"end":{"line":169,"column":8}},"42":{"start":{"line":152,"column":8},"end":{"line":152,"column":28}},"43":{"start":{"line":152,"column":17},"end":{"line":152,"column":28}},"44":{"start":{"line":153,"column":18},"end":{"line":153,"column":31}},"45":{"start":{"line":154,"column":8},"end":{"line":168,"column":10}},"46":{"start":{"line":155,"column":10},"end":{"line":155,"column":30}},"47":{"start":{"line":155,"column":19},"end":{"line":155,"column":30}},"48":{"start":{"line":156,"column":10},"end":{"line":166,"column":11}},"49":{"start":{"line":157,"column":32},"end":{"line":157,"column":51}},"50":{"start":{"line":158,"column":12},"end":{"line":158,"column":46}},"51":{"start":{"line":159,"column":12},"end":{"line":159,"column":52}},"52":{"start":{"line":160,"column":12},"end":{"line":160,"column":49}},"53":{"start":{"line":161,"column":12},"end":{"line":161,"column":58}},"54":{"start":{"line":162,"column":12},"end":{"line":162,"column":54}},"55":{"start":{"line":163,"column":12},"end":{"line":163,"column":34}},"56":{"start":{"line":165,"column":12},"end":{"line":165,"column":25}},"57":{"start":{"line":167,"column":10},"end":{"line":167,"column":20}},"58":{"start":{"line":179,"column":4},"end":{"line":189,"column":6}},"59":{"start":{"line":180,"column":6},"end":{"line":188,"column":8}},"60":{"start":{"line":181,"column":8},"end":{"line":181,"column":28}},"61":{"start":{"line":181,"column":17},"end":{"line":181,"column":28}},"62":{"start":{"line":182,"column":18},"end":{"line":182,"column":31}},"63":{"start":{"line":183,"column":8},"end":{"line":187,"column":10}},"64":{"start":{"line":184,"column":10},"end":{"line":184,"column":30}},"65":{"start":{"line":184,"column":19},"end":{"line":184,"column":30}},"66":{"start":{"line":185,"column":10},"end":{"line":185,"column":25}},"67":{"start":{"line":186,"column":10},"end":{"line":186,"column":20}},"68":{"start":{"line":200,"column":4},"end":{"line":228,"column":6}},"69":{"start":{"line":201,"column":6},"end":{"line":227,"column":8}},"70":{"start":{"line":202,"column":8},"end":{"line":202,"column":26}},"71":{"start":{"line":202,"column":17},"end":{"line":202,"column":26}},"72":{"start":{"line":203,"column":18},"end":{"line":203,"column":31}},"73":{"start":{"line":204,"column":22},"end":{"line":204,"column":40}},"74":{"start":{"line":205,"column":24},"end":{"line":205,"column":26}},"75":{"start":{"line":206,"column":8},"end":{"line":206,"column":75}},"76":{"start":{"line":206,"column":40},"end":{"line":206,"column":75}},"77":{"start":{"line":207,"column":8},"end":{"line":207,"column":84}},"78":{"start":{"line":207,"column":43},"end":{"line":207,"column":84}},"79":{"start":{"line":208,"column":8},"end":{"line":208,"column":93}},"80":{"start":{"line":208,"column":46},"end":{"line":208,"column":93}},"81":{"start":{"line":209,"column":8},"end":{"line":226,"column":10}},"82":{"start":{"line":210,"column":10},"end":{"line":210,"column":28}},"83":{"start":{"line":210,"column":19},"end":{"line":210,"column":28}},"84":{"start":{"line":211,"column":10},"end":{"line":225,"column":12}},"85":{"start":{"line":212,"column":12},"end":{"line":212,"column":32}},"86":{"start":{"line":212,"column":21},"end":{"line":212,"column":32}},"87":{"start":{"line":213,"column":12},"end":{"line":224,"column":13}},"88":{"start":{"line":214,"column":34},"end":{"line":214,"column":53}},"89":{"start":{"line":215,"column":14},"end":{"line":215,"column":48}},"90":{"start":{"line":216,"column":14},"end":{"line":216,"column":54}},"91":{"start":{"line":217,"column":14},"end":{"line":217,"column":51}},"92":{"start":{"line":218,"column":14},"end":{"line":218,"column":60}},"93":{"start":{"line":219,"column":14},"end":{"line":219,"column":56}},"94":{"start":{"line":220,"column":14},"end":{"line":220,"column":36}},"95":{"start":{"line":222,"column":14},"end":{"line":222,"column":24}},"96":{"start":{"line":223,"column":14},"end":{"line":223,"column":27}},"97":{"start":{"line":238,"column":4},"end":{"line":265,"column":6}},"98":{"start":{"line":239,"column":6},"end":{"line":264,"column":8}},"99":{"start":{"line":240,"column":8},"end":{"line":240,"column":28}},"100":{"start":{"line":240,"column":17},"end":{"line":240,"column":28}},"101":{"start":{"line":241,"column":18},"end":{"line":241,"column":31}},"102":{"start":{"line":242,"column":22},"end":{"line":242,"column":40}},"103":{"start":{"line":243,"column":24},"end":{"line":243,"column":56}},"104":{"start":{"line":244,"column":8},"end":{"line":246,"column":10}},"105":{"start":{"line":245,"column":10},"end":{"line":245,"column":30}},"106":{"start":{"line":245,"column":19},"end":{"line":245,"column":30}},"107":{"start":{"line":247,"column":8},"end":{"line":263,"column":10}},"108":{"start":{"line":248,"column":10},"end":{"line":248,"column":34}},"109":{"start":{"line":248,"column":21},"end":{"line":248,"column":32}},"110":{"start":{"line":249,"column":10},"end":{"line":262,"column":11}},"111":{"start":{"line":250,"column":32},"end":{"line":250,"column":51}},"112":{"start":{"line":251,"column":12},"end":{"line":251,"column":46}},"113":{"start":{"line":252,"column":12},"end":{"line":252,"column":49}},"114":{"start":{"line":253,"column":12},"end":{"line":253,"column":52}},"115":{"start":{"line":254,"column":12},"end":{"line":254,"column":58}},"116":{"start":{"line":255,"column":12},"end":{"line":255,"column":54}},"117":{"start":{"line":257,"column":12},"end":{"line":257,"column":22}},"118":{"start":{"line":258,"column":12},"end":{"line":258,"column":34}},"119":{"start":{"line":260,"column":12},"end":{"line":260,"column":22}},"120":{"start":{"line":261,"column":12},"end":{"line":261,"column":25}},"121":{"start":{"line":268,"column":0},"end":{"line":268,"column":30}}},"fnMap":{"0":{"name":"(anonymous_0)","decl":{"start":{"line":14,"column":2},"end":{"line":14,"column":3}},"loc":{"start":{"line":14,"column":17},"end":{"line":20,"column":3}},"line":14},"1":{"name":"(anonymous_1)","decl":{"start":{"line":26,"column":2},"end":{"line":26,"column":3}},"loc":{"start":{"line":26,"column":14},"end":{"line":28,"column":3}},"line":26},"2":{"name":"(anonymous_2)","decl":{"start":{"line":34,"column":2},"end":{"line":34,"column":3}},"loc":{"start":{"line":34,"column":17},"end":{"line":36,"column":3}},"line":34},"3":{"name":"(anonymous_3)","decl":{"start":{"line":42,"column":2},"end":{"line":42,"column":3}},"loc":{"start":{"line":42,"column":16},"end":{"line":44,"column":3}},"line":42},"4":{"name":"(anonymous_4)","decl":{"start":{"line":50,"column":2},"end":{"line":50,"column":3}},"loc":{"start":{"line":50,"column":13},"end":{"line":52,"column":3}},"line":50},"5":{"name":"(anonymous_5)","decl":{"start":{"line":58,"column":2},"end":{"line":58,"column":3}},"loc":{"start":{"line":58,"column":19},"end":{"line":60,"column":3}},"line":58},"6":{"name":"(anonymous_6)","decl":{"start":{"line":66,"column":2},"end":{"line":66,"column":3}},"loc":{"start":{"line":66,"column":19},"end":{"line":68,"column":3}},"line":66},"7":{"name":"(anonymous_7)","decl":{"start":{"line":74,"column":2},"end":{"line":74,"column":3}},"loc":{"start":{"line":74,"column":25},"end":{"line":76,"column":3}},"line":74},"8":{"name":"(anonymous_8)","decl":{"start":{"line":82,"column":2},"end":{"line":82,"column":3}},"loc":{"start":{"line":82,"column":23},"end":{"line":84,"column":3}},"line":82},"9":{"name":"(anonymous_9)","decl":{"start":{"line":90,"column":2},"end":{"line":90,"column":3}},"loc":{"start":{"line":90,"column":17},"end":{"line":92,"column":3}},"line":90},"10":{"name":"(anonymous_10)","decl":{"start":{"line":98,"column":2},"end":{"line":98,"column":3}},"loc":{"start":{"line":98,"column":29},"end":{"line":100,"column":3}},"line":98},"11":{"name":"(anonymous_11)","decl":{"start":{"line":107,"column":2},"end":{"line":107,"column":3}},"loc":{"start":{"line":107,"column":45},"end":{"line":119,"column":3}},"line":107},"12":{"name":"(anonymous_12)","decl":{"start":{"line":108,"column":23},"end":{"line":108,"column":24}},"loc":{"start":{"line":108,"column":50},"end":{"line":118,"column":5}},"line":108},"13":{"name":"(anonymous_13)","decl":{"start":{"line":109,"column":84},"end":{"line":109,"column":85}},"loc":{"start":{"line":109,"column":103},"end":{"line":117,"column":7}},"line":109},"14":{"name":"(anonymous_14)","decl":{"start":{"line":112,"column":65},"end":{"line":112,"column":66}},"loc":{"start":{"line":112,"column":80},"end":{"line":116,"column":9}},"line":112},"15":{"name":"(anonymous_15)","decl":{"start":{"line":126,"column":2},"end":{"line":126,"column":3}},"loc":{"start":{"line":126,"column":29},"end":{"line":142,"column":3}},"line":126},"16":{"name":"(anonymous_16)","decl":{"start":{"line":127,"column":23},"end":{"line":127,"column":24}},"loc":{"start":{"line":127,"column":50},"end":{"line":141,"column":5}},"line":127},"17":{"name":"(anonymous_17)","decl":{"start":{"line":128,"column":84},"end":{"line":128,"column":85}},"loc":{"start":{"line":128,"column":103},"end":{"line":140,"column":7}},"line":128},"18":{"name":"(anonymous_18)","decl":{"start":{"line":131,"column":67},"end":{"line":131,"column":68}},"loc":{"start":{"line":131,"column":90},"end":{"line":139,"column":9}},"line":131},"19":{"name":"(anonymous_19)","decl":{"start":{"line":149,"column":2},"end":{"line":149,"column":3}},"loc":{"start":{"line":149,"column":33},"end":{"line":171,"column":3}},"line":149},"20":{"name":"(anonymous_20)","decl":{"start":{"line":150,"column":23},"end":{"line":150,"column":24}},"loc":{"start":{"line":150,"column":50},"end":{"line":170,"column":5}},"line":150},"21":{"name":"(anonymous_21)","decl":{"start":{"line":151,"column":84},"end":{"line":151,"column":85}},"loc":{"start":{"line":151,"column":103},"end":{"line":169,"column":7}},"line":151},"22":{"name":"(anonymous_22)","decl":{"start":{"line":154,"column":67},"end":{"line":154,"column":68}},"loc":{"start":{"line":154,"column":90},"end":{"line":168,"column":9}},"line":154},"23":{"name":"(anonymous_23)","decl":{"start":{"line":178,"column":2},"end":{"line":178,"column":3}},"loc":{"start":{"line":178,"column":24},"end":{"line":190,"column":3}},"line":178},"24":{"name":"(anonymous_24)","decl":{"start":{"line":179,"column":23},"end":{"line":179,"column":24}},"loc":{"start":{"line":179,"column":50},"end":{"line":189,"column":5}},"line":179},"25":{"name":"(anonymous_25)","decl":{"start":{"line":180,"column":84},"end":{"line":180,"column":85}},"loc":{"start":{"line":180,"column":103},"end":{"line":188,"column":7}},"line":180},"26":{"name":"(anonymous_26)","decl":{"start":{"line":183,"column":75},"end":{"line":183,"column":76}},"loc":{"start":{"line":183,"column":98},"end":{"line":187,"column":9}},"line":183},"27":{"name":"(anonymous_27)","decl":{"start":{"line":199,"column":2},"end":{"line":199,"column":3}},"loc":{"start":{"line":199,"column":53},"end":{"line":229,"column":3}},"line":199},"28":{"name":"(anonymous_28)","decl":{"start":{"line":200,"column":23},"end":{"line":200,"column":24}},"loc":{"start":{"line":200,"column":50},"end":{"line":228,"column":5}},"line":200},"29":{"name":"(anonymous_29)","decl":{"start":{"line":201,"column":84},"end":{"line":201,"column":85}},"loc":{"start":{"line":201,"column":103},"end":{"line":227,"column":7}},"line":201},"30":{"name":"(anonymous_30)","decl":{"start":{"line":209,"column":80},"end":{"line":209,"column":81}},"loc":{"start":{"line":209,"column":100},"end":{"line":226,"column":9}},"line":209},"31":{"name":"(anonymous_31)","decl":{"start":{"line":211,"column":70},"end":{"line":211,"column":71}},"loc":{"start":{"line":211,"column":93},"end":{"line":225,"column":11}},"line":211},"32":{"name":"(anonymous_32)","decl":{"start":{"line":237,"column":2},"end":{"line":237,"column":3}},"loc":{"start":{"line":237,"column":43},"end":{"line":266,"column":3}},"line":237},"33":{"name":"(anonymous_33)","decl":{"start":{"line":238,"column":23},"end":{"line":238,"column":24}},"loc":{"start":{"line":238,"column":50},"end":{"line":265,"column":5}},"line":238},"34":{"name":"(anonymous_34)","decl":{"start":{"line":239,"column":84},"end":{"line":239,"column":85}},"loc":{"start":{"line":239,"column":103},"end":{"line":264,"column":7}},"line":239},"35":{"name":"(anonymous_35)","decl":{"start":{"line":244,"column":70},"end":{"line":244,"column":71}},"loc":{"start":{"line":244,"column":90},"end":{"line":246,"column":9}},"line":244},"36":{"name":"(anonymous_36)","decl":{"start":{"line":247,"column":68},"end":{"line":247,"column":69}},"loc":{"start":{"line":247,"column":91},"end":{"line":263,"column":9}},"line":247}},"branchMap":{"0":{"loc":{"start":{"line":110,"column":8},"end":{"line":110,"column":26}},"type":"if","locations":[{"start":{"line":110,"column":8},"end":{"line":110,"column":26}},{"start":{"line":110,"column":8},"end":{"line":110,"column":26}}],"line":110},"1":{"loc":{"start":{"line":113,"column":10},"end":{"line":113,"column":28}},"type":"if","locations":[{"start":{"line":113,"column":10},"end":{"line":113,"column":28}},{"start":{"line":113,"column":10},"end":{"line":113,"column":28}}],"line":113},"2":{"loc":{"start":{"line":129,"column":8},"end":{"line":129,"column":28}},"type":"if","locations":[{"start":{"line":129,"column":8},"end":{"line":129,"column":28}},{"start":{"line":129,"column":8},"end":{"line":129,"column":28}}],"line":129},"3":{"loc":{"start":{"line":132,"column":10},"end":{"line":132,"column":30}},"type":"if","locations":[{"start":{"line":132,"column":10},"end":{"line":132,"column":30}},{"start":{"line":132,"column":10},"end":{"line":132,"column":30}}],"line":132},"4":{"loc":{"start":{"line":133,"column":10},"end":{"line":137,"column":11}},"type":"if","locations":[{"start":{"line":133,"column":10},"end":{"line":137,"column":11}},{"start":{"line":133,"column":10},"end":{"line":137,"column":11}}],"line":133},"5":{"loc":{"start":{"line":152,"column":8},"end":{"line":152,"column":28}},"type":"if","locations":[{"start":{"line":152,"column":8},"end":{"line":152,"column":28}},{"start":{"line":152,"column":8},"end":{"line":152,"column":28}}],"line":152},"6":{"loc":{"start":{"line":155,"column":10},"end":{"line":155,"column":30}},"type":"if","locations":[{"start":{"line":155,"column":10},"end":{"line":155,"column":30}},{"start":{"line":155,"column":10},"end":{"line":155,"column":30}}],"line":155},"7":{"loc":{"start":{"line":156,"column":10},"end":{"line":166,"column":11}},"type":"if","locations":[{"start":{"line":156,"column":10},"end":{"line":166,"column":11}},{"start":{"line":156,"column":10},"end":{"line":166,"column":11}}],"line":156},"8":{"loc":{"start":{"line":181,"column":8},"end":{"line":181,"column":28}},"type":"if","locations":[{"start":{"line":181,"column":8},"end":{"line":181,"column":28}},{"start":{"line":181,"column":8},"end":{"line":181,"column":28}}],"line":181},"9":{"loc":{"start":{"line":184,"column":10},"end":{"line":184,"column":30}},"type":"if","locations":[{"start":{"line":184,"column":10},"end":{"line":184,"column":30}},{"start":{"line":184,"column":10},"end":{"line":184,"column":30}}],"line":184},"10":{"loc":{"start":{"line":202,"column":8},"end":{"line":202,"column":26}},"type":"if","locations":[{"start":{"line":202,"column":8},"end":{"line":202,"column":26}},{"start":{"line":202,"column":8},"end":{"line":202,"column":26}}],"line":202},"11":{"loc":{"start":{"line":206,"column":8},"end":{"line":206,"column":75}},"type":"if","locations":[{"start":{"line":206,"column":8},"end":{"line":206,"column":75}},{"start":{"line":206,"column":8},"end":{"line":206,"column":75}}],"line":206},"12":{"loc":{"start":{"line":207,"column":8},"end":{"line":207,"column":84}},"type":"if","locations":[{"start":{"line":207,"column":8},"end":{"line":207,"column":84}},{"start":{"line":207,"column":8},"end":{"line":207,"column":84}}],"line":207},"13":{"loc":{"start":{"line":208,"column":8},"end":{"line":208,"column":93}},"type":"if","locations":[{"start":{"line":208,"column":8},"end":{"line":208,"column":93}},{"start":{"line":208,"column":8},"end":{"line":208,"column":93}}],"line":208},"14":{"loc":{"start":{"line":210,"column":10},"end":{"line":210,"column":28}},"type":"if","locations":[{"start":{"line":210,"column":10},"end":{"line":210,"column":28}},{"start":{"line":210,"column":10},"end":{"line":210,"column":28}}],"line":210},"15":{"loc":{"start":{"line":212,"column":12},"end":{"line":212,"column":32}},"type":"if","locations":[{"start":{"line":212,"column":12},"end":{"line":212,"column":32}},{"start":{"line":212,"column":12},"end":{"line":212,"column":32}}],"line":212},"16":{"loc":{"start":{"line":213,"column":12},"end":{"line":224,"column":13}},"type":"if","locations":[{"start":{"line":213,"column":12},"end":{"line":224,"column":13}},{"start":{"line":213,"column":12},"end":{"line":224,"column":13}}],"line":213},"17":{"loc":{"start":{"line":240,"column":8},"end":{"line":240,"column":28}},"type":"if","locations":[{"start":{"line":240,"column":8},"end":{"line":240,"column":28}},{"start":{"line":240,"column":8},"end":{"line":240,"column":28}}],"line":240},"18":{"loc":{"start":{"line":245,"column":10},"end":{"line":245,"column":30}},"type":"if","locations":[{"start":{"line":245,"column":10},"end":{"line":245,"column":30}},{"start":{"line":245,"column":10},"end":{"line":245,"column":30}}],"line":245},"19":{"loc":{"start":{"line":248,"column":10},"end":{"line":248,"column":34}},"type":"if","locations":[{"start":{"line":248,"column":10},"end":{"line":248,"column":34}},{"start":{"line":248,"column":10},"end":{"line":248,"column":34}}],"line":248},"20":{"loc":{"start":{"line":249,"column":10},"end":{"line":262,"column":11}},"type":"if","locations":[{"start":{"line":249,"column":10},"end":{"line":262,"column":11}},{"start":{"line":249,"column":10},"end":{"line":262,"column":11}}],"line":249}},"s":{"0":1,"1":1,"2":1,"3":67,"4":67,"5":67,"6":67,"7":67,"8":2,"9":92,"10":2,"11":0,"12":2,"13":56,"14":56,"15":58,"16":58,"17":59,"18":2,"19":2,"20":2,"21":0,"22":2,"23":2,"24":2,"25":0,"26":2,"27":2,"28":3,"29":3,"30":3,"31":0,"32":3,"33":3,"34":3,"35":0,"36":3,"37":1,"38":2,"39":3,"40":102,"41":102,"42":102,"43":0,"44":102,"45":102,"46":102,"47":0,"48":102,"49":48,"50":48,"51":48,"52":48,"53":48,"54":48,"55":48,"56":54,"57":102,"58":9,"59":9,"60":9,"61":0,"62":9,"63":9,"64":9,"65":0,"66":9,"67":9,"68":5,"69":5,"70":5,"71":0,"72":5,"73":5,"74":5,"75":5,"76":2,"77":5,"78":2,"79":5,"80":3,"81":5,"82":5,"83":0,"84":5,"85":5,"86":0,"87":5,"88":4,"89":4,"90":4,"91":4,"92":4,"93":4,"94":4,"95":1,"96":1,"97":1,"98":1,"99":1,"100":0,"101":1,"102":1,"103":1,"104":1,"105":1,"106":0,"107":1,"108":1,"109":0,"110":1,"111":1,"112":1,"113":1,"114":1,"115":1,"116":1,"117":1,"118":1,"119":0,"120":0,"121":1},"f":{"0":67,"1":2,"2":92,"3":2,"4":0,"5":2,"6":56,"7":56,"8":58,"9":58,"10":59,"11":2,"12":2,"13":2,"14":2,"15":3,"16":3,"17":3,"18":3,"19":102,"20":102,"21":102,"22":102,"23":9,"24":9,"25":9,"26":9,"27":5,"28":5,"29":5,"30":5,"31":5,"32":1,"33":1,"34":1,"35":1,"36":1},"b":{"0":[0,2],"1":[0,2],"2":[0,3],"3":[0,3],"4":[1,2],"5":[0,102],"6":[0,102],"7":[48,54],"8":[0,9],"9":[0,9],"10":[0,5],"11":[2,3],"12":[2,3],"13":[3,2],"14":[0,5],"15":[0,5],"16":[4,1],"17":[0,1],"18":[0,1],"19":[0,1],"20":[1,0]},"_coverageSchema":"1a1c01bbd47fc00a2c39e90264f33305004495a9","hash":"68cc5a13018258721cb9e02b429f4b5931f187db","contentHash":"7ceddf4829f7ab871fb8c7285c8e2755405ac581e4a7cde1e89cb6e216aa67d8"},"/Users/salvatore/Desktop/EasyAgreement-IGES/app/models/externaltutor.js":{"path":"/Users/salvatore/Desktop/EasyAgreement-IGES/app/models/externaltutor.js","statementMap":{"0":{"start":{"line":1,"column":18},"end":{"line":1,"column":48}},"1":{"start":{"line":4,"column":12},"end":{"line":4,"column":53}},"2":{"start":{"line":7,"column":15},"end":{"line":7,"column":30}},"3":{"start":{"line":15,"column":4},"end":{"line":15,"column":22}},"4":{"start":{"line":16,"column":4},"end":{"line":16,"column":24}},"5":{"start":{"line":17,"column":4},"end":{"line":17,"column":23}},"6":{"start":{"line":18,"column":4},"end":{"line":18,"column":20}},"7":{"start":{"line":19,"column":4},"end":{"line":19,"column":28}},"8":{"start":{"line":27,"column":4},"end":{"line":27,"column":22}},"9":{"start":{"line":35,"column":4},"end":{"line":35,"column":24}},"10":{"start":{"line":43,"column":4},"end":{"line":43,"column":20}},"11":{"start":{"line":51,"column":4},"end":{"line":51,"column":23}},"12":{"start":{"line":59,"column":4},"end":{"line":59,"column":28}},"13":{"start":{"line":67,"column":4},"end":{"line":67,"column":23}},"14":{"start":{"line":75,"column":4},"end":{"line":75,"column":28}},"15":{"start":{"line":84,"column":4},"end":{"line":84,"column":20}},"16":{"start":{"line":92,"column":4},"end":{"line":92,"column":26}},"17":{"start":{"line":100,"column":4},"end":{"line":100,"column":36}},"18":{"start":{"line":109,"column":4},"end":{"line":129,"column":6}},"19":{"start":{"line":110,"column":6},"end":{"line":128,"column":8}},"20":{"start":{"line":111,"column":8},"end":{"line":111,"column":28}},"21":{"start":{"line":111,"column":17},"end":{"line":111,"column":28}},"22":{"start":{"line":112,"column":18},"end":{"line":112,"column":31}},"23":{"start":{"line":113,"column":8},"end":{"line":127,"column":10}},"24":{"start":{"line":114,"column":10},"end":{"line":114,"column":30}},"25":{"start":{"line":114,"column":19},"end":{"line":114,"column":30}},"26":{"start":{"line":115,"column":10},"end":{"line":125,"column":11}},"27":{"start":{"line":116,"column":26},"end":{"line":116,"column":45}},"28":{"start":{"line":117,"column":12},"end":{"line":117,"column":43}},"29":{"start":{"line":118,"column":12},"end":{"line":118,"column":48}},"30":{"start":{"line":119,"column":12},"end":{"line":119,"column":46}},"31":{"start":{"line":120,"column":12},"end":{"line":120,"column":40}},"32":{"start":{"line":121,"column":12},"end":{"line":121,"column":56}},"33":{"start":{"line":122,"column":12},"end":{"line":122,"column":28}},"34":{"start":{"line":124,"column":12},"end":{"line":124,"column":25}},"35":{"start":{"line":126,"column":10},"end":{"line":126,"column":20}},"36":{"start":{"line":141,"column":4},"end":{"line":170,"column":6}},"37":{"start":{"line":142,"column":6},"end":{"line":169,"column":8}},"38":{"start":{"line":143,"column":8},"end":{"line":143,"column":26}},"39":{"start":{"line":143,"column":17},"end":{"line":143,"column":26}},"40":{"start":{"line":144,"column":18},"end":{"line":144,"column":31}},"41":{"start":{"line":145,"column":22},"end":{"line":145,"column":40}},"42":{"start":{"line":146,"column":24},"end":{"line":146,"column":26}},"43":{"start":{"line":147,"column":8},"end":{"line":147,"column":75}},"44":{"start":{"line":147,"column":40},"end":{"line":147,"column":75}},"45":{"start":{"line":148,"column":8},"end":{"line":148,"column":84}},"46":{"start":{"line":148,"column":43},"end":{"line":148,"column":84}},"47":{"start":{"line":149,"column":8},"end":{"line":149,"column":99}},"48":{"start":{"line":149,"column":48},"end":{"line":149,"column":99}},"49":{"start":{"line":151,"column":8},"end":{"line":168,"column":10}},"50":{"start":{"line":152,"column":10},"end":{"line":152,"column":28}},"51":{"start":{"line":152,"column":19},"end":{"line":152,"column":28}},"52":{"start":{"line":153,"column":10},"end":{"line":167,"column":12}},"53":{"start":{"line":154,"column":12},"end":{"line":154,"column":32}},"54":{"start":{"line":154,"column":21},"end":{"line":154,"column":32}},"55":{"start":{"line":155,"column":12},"end":{"line":166,"column":13}},"56":{"start":{"line":156,"column":28},"end":{"line":156,"column":47}},"57":{"start":{"line":157,"column":14},"end":{"line":157,"column":45}},"58":{"start":{"line":158,"column":14},"end":{"line":158,"column":50}},"59":{"start":{"line":159,"column":14},"end":{"line":159,"column":48}},"60":{"start":{"line":160,"column":14},"end":{"line":160,"column":42}},"61":{"start":{"line":161,"column":14},"end":{"line":161,"column":58}},"62":{"start":{"line":162,"column":14},"end":{"line":162,"column":30}},"63":{"start":{"line":164,"column":14},"end":{"line":164,"column":24}},"64":{"start":{"line":165,"column":14},"end":{"line":165,"column":27}},"65":{"start":{"line":179,"column":4},"end":{"line":189,"column":6}},"66":{"start":{"line":180,"column":6},"end":{"line":188,"column":8}},"67":{"start":{"line":181,"column":8},"end":{"line":181,"column":28}},"68":{"start":{"line":181,"column":17},"end":{"line":181,"column":28}},"69":{"start":{"line":182,"column":18},"end":{"line":182,"column":31}},"70":{"start":{"line":183,"column":8},"end":{"line":187,"column":10}},"71":{"start":{"line":184,"column":10},"end":{"line":184,"column":28}},"72":{"start":{"line":184,"column":19},"end":{"line":184,"column":28}},"73":{"start":{"line":185,"column":10},"end":{"line":185,"column":25}},"74":{"start":{"line":186,"column":10},"end":{"line":186,"column":20}},"75":{"start":{"line":201,"column":4},"end":{"line":228,"column":6}},"76":{"start":{"line":202,"column":6},"end":{"line":227,"column":8}},"77":{"start":{"line":203,"column":8},"end":{"line":203,"column":28}},"78":{"start":{"line":203,"column":17},"end":{"line":203,"column":28}},"79":{"start":{"line":204,"column":18},"end":{"line":204,"column":31}},"80":{"start":{"line":205,"column":22},"end":{"line":205,"column":40}},"81":{"start":{"line":206,"column":24},"end":{"line":206,"column":56}},"82":{"start":{"line":207,"column":8},"end":{"line":209,"column":10}},"83":{"start":{"line":208,"column":10},"end":{"line":208,"column":30}},"84":{"start":{"line":208,"column":19},"end":{"line":208,"column":30}},"85":{"start":{"line":210,"column":8},"end":{"line":226,"column":10}},"86":{"start":{"line":211,"column":10},"end":{"line":211,"column":30}},"87":{"start":{"line":211,"column":19},"end":{"line":211,"column":30}},"88":{"start":{"line":212,"column":10},"end":{"line":225,"column":11}},"89":{"start":{"line":213,"column":32},"end":{"line":213,"column":51}},"90":{"start":{"line":214,"column":12},"end":{"line":214,"column":46}},"91":{"start":{"line":215,"column":12},"end":{"line":215,"column":52}},"92":{"start":{"line":216,"column":12},"end":{"line":216,"column":62}},"93":{"start":{"line":217,"column":12},"end":{"line":217,"column":49}},"94":{"start":{"line":218,"column":12},"end":{"line":218,"column":54}},"95":{"start":{"line":220,"column":12},"end":{"line":220,"column":22}},"96":{"start":{"line":221,"column":12},"end":{"line":221,"column":34}},"97":{"start":{"line":223,"column":12},"end":{"line":223,"column":22}},"98":{"start":{"line":224,"column":12},"end":{"line":224,"column":25}},"99":{"start":{"line":237,"column":4},"end":{"line":251,"column":6}},"100":{"start":{"line":238,"column":6},"end":{"line":250,"column":8}},"101":{"start":{"line":239,"column":8},"end":{"line":239,"column":28}},"102":{"start":{"line":239,"column":17},"end":{"line":239,"column":28}},"103":{"start":{"line":240,"column":18},"end":{"line":240,"column":31}},"104":{"start":{"line":241,"column":8},"end":{"line":249,"column":10}},"105":{"start":{"line":242,"column":10},"end":{"line":242,"column":30}},"106":{"start":{"line":242,"column":19},"end":{"line":242,"column":30}},"107":{"start":{"line":243,"column":10},"end":{"line":247,"column":11}},"108":{"start":{"line":244,"column":12},"end":{"line":244,"column":26}},"109":{"start":{"line":246,"column":12},"end":{"line":246,"column":25}},"110":{"start":{"line":248,"column":10},"end":{"line":248,"column":20}},"111":{"start":{"line":255,"column":4},"end":{"line":265,"column":6}},"112":{"start":{"line":256,"column":6},"end":{"line":264,"column":8}},"113":{"start":{"line":257,"column":8},"end":{"line":257,"column":28}},"114":{"start":{"line":257,"column":17},"end":{"line":257,"column":28}},"115":{"start":{"line":258,"column":18},"end":{"line":258,"column":31}},"116":{"start":{"line":259,"column":8},"end":{"line":263,"column":10}},"117":{"start":{"line":260,"column":10},"end":{"line":260,"column":28}},"118":{"start":{"line":260,"column":19},"end":{"line":260,"column":28}},"119":{"start":{"line":261,"column":10},"end":{"line":261,"column":19}},"120":{"start":{"line":262,"column":10},"end":{"line":262,"column":20}},"121":{"start":{"line":274,"column":4},"end":{"line":288,"column":6}},"122":{"start":{"line":275,"column":6},"end":{"line":287,"column":8}},"123":{"start":{"line":276,"column":8},"end":{"line":276,"column":28}},"124":{"start":{"line":276,"column":17},"end":{"line":276,"column":28}},"125":{"start":{"line":277,"column":18},"end":{"line":277,"column":31}},"126":{"start":{"line":278,"column":8},"end":{"line":286,"column":10}},"127":{"start":{"line":279,"column":10},"end":{"line":279,"column":28}},"128":{"start":{"line":279,"column":19},"end":{"line":279,"column":28}},"129":{"start":{"line":280,"column":10},"end":{"line":284,"column":11}},"130":{"start":{"line":281,"column":12},"end":{"line":281,"column":25}},"131":{"start":{"line":283,"column":12},"end":{"line":283,"column":26}},"132":{"start":{"line":285,"column":10},"end":{"line":285,"column":20}},"133":{"start":{"line":291,"column":0},"end":{"line":291,"column":30}}},"fnMap":{"0":{"name":"(anonymous_0)","decl":{"start":{"line":14,"column":2},"end":{"line":14,"column":3}},"loc":{"start":{"line":14,"column":17},"end":{"line":20,"column":3}},"line":14},"1":{"name":"(anonymous_1)","decl":{"start":{"line":26,"column":2},"end":{"line":26,"column":3}},"loc":{"start":{"line":26,"column":14},"end":{"line":28,"column":3}},"line":26},"2":{"name":"(anonymous_2)","decl":{"start":{"line":34,"column":2},"end":{"line":34,"column":3}},"loc":{"start":{"line":34,"column":17},"end":{"line":36,"column":3}},"line":34},"3":{"name":"(anonymous_3)","decl":{"start":{"line":42,"column":2},"end":{"line":42,"column":3}},"loc":{"start":{"line":42,"column":13},"end":{"line":44,"column":3}},"line":42},"4":{"name":"(anonymous_4)","decl":{"start":{"line":50,"column":2},"end":{"line":50,"column":3}},"loc":{"start":{"line":50,"column":16},"end":{"line":52,"column":3}},"line":50},"5":{"name":"(anonymous_5)","decl":{"start":{"line":58,"column":2},"end":{"line":58,"column":3}},"loc":{"start":{"line":58,"column":21},"end":{"line":60,"column":3}},"line":58},"6":{"name":"(anonymous_6)","decl":{"start":{"line":66,"column":2},"end":{"line":66,"column":3}},"loc":{"start":{"line":66,"column":19},"end":{"line":68,"column":3}},"line":66},"7":{"name":"(anonymous_7)","decl":{"start":{"line":74,"column":2},"end":{"line":74,"column":3}},"loc":{"start":{"line":74,"column":25},"end":{"line":76,"column":3}},"line":74},"8":{"name":"(anonymous_8)","decl":{"start":{"line":83,"column":2},"end":{"line":83,"column":3}},"loc":{"start":{"line":83,"column":17},"end":{"line":85,"column":3}},"line":83},"9":{"name":"(anonymous_9)","decl":{"start":{"line":91,"column":2},"end":{"line":91,"column":3}},"loc":{"start":{"line":91,"column":23},"end":{"line":93,"column":3}},"line":91},"10":{"name":"(anonymous_10)","decl":{"start":{"line":99,"column":2},"end":{"line":99,"column":3}},"loc":{"start":{"line":99,"column":33},"end":{"line":101,"column":3}},"line":99},"11":{"name":"(anonymous_11)","decl":{"start":{"line":108,"column":2},"end":{"line":108,"column":3}},"loc":{"start":{"line":108,"column":29},"end":{"line":130,"column":3}},"line":108},"12":{"name":"(anonymous_12)","decl":{"start":{"line":109,"column":23},"end":{"line":109,"column":24}},"loc":{"start":{"line":109,"column":50},"end":{"line":129,"column":5}},"line":109},"13":{"name":"(anonymous_13)","decl":{"start":{"line":110,"column":84},"end":{"line":110,"column":85}},"loc":{"start":{"line":110,"column":103},"end":{"line":128,"column":7}},"line":110},"14":{"name":"(anonymous_14)","decl":{"start":{"line":113,"column":67},"end":{"line":113,"column":68}},"loc":{"start":{"line":113,"column":90},"end":{"line":127,"column":9}},"line":113},"15":{"name":"(anonymous_15)","decl":{"start":{"line":140,"column":2},"end":{"line":140,"column":3}},"loc":{"start":{"line":140,"column":53},"end":{"line":171,"column":3}},"line":140},"16":{"name":"(anonymous_16)","decl":{"start":{"line":141,"column":23},"end":{"line":141,"column":24}},"loc":{"start":{"line":141,"column":50},"end":{"line":170,"column":5}},"line":141},"17":{"name":"(anonymous_17)","decl":{"start":{"line":142,"column":84},"end":{"line":142,"column":85}},"loc":{"start":{"line":142,"column":103},"end":{"line":169,"column":7}},"line":142},"18":{"name":"(anonymous_18)","decl":{"start":{"line":151,"column":80},"end":{"line":151,"column":81}},"loc":{"start":{"line":151,"column":100},"end":{"line":168,"column":9}},"line":151},"19":{"name":"(anonymous_19)","decl":{"start":{"line":153,"column":70},"end":{"line":153,"column":71}},"loc":{"start":{"line":153,"column":93},"end":{"line":167,"column":11}},"line":153},"20":{"name":"(anonymous_20)","decl":{"start":{"line":178,"column":2},"end":{"line":178,"column":3}},"loc":{"start":{"line":178,"column":24},"end":{"line":190,"column":3}},"line":178},"21":{"name":"(anonymous_21)","decl":{"start":{"line":179,"column":23},"end":{"line":179,"column":24}},"loc":{"start":{"line":179,"column":50},"end":{"line":189,"column":5}},"line":179},"22":{"name":"(anonymous_22)","decl":{"start":{"line":180,"column":84},"end":{"line":180,"column":85}},"loc":{"start":{"line":180,"column":103},"end":{"line":188,"column":7}},"line":180},"23":{"name":"(anonymous_23)","decl":{"start":{"line":183,"column":75},"end":{"line":183,"column":76}},"loc":{"start":{"line":183,"column":98},"end":{"line":187,"column":9}},"line":183},"24":{"name":"(anonymous_24)","decl":{"start":{"line":200,"column":2},"end":{"line":200,"column":3}},"loc":{"start":{"line":200,"column":43},"end":{"line":229,"column":3}},"line":200},"25":{"name":"(anonymous_25)","decl":{"start":{"line":201,"column":23},"end":{"line":201,"column":24}},"loc":{"start":{"line":201,"column":50},"end":{"line":228,"column":5}},"line":201},"26":{"name":"(anonymous_26)","decl":{"start":{"line":202,"column":84},"end":{"line":202,"column":85}},"loc":{"start":{"line":202,"column":103},"end":{"line":227,"column":7}},"line":202},"27":{"name":"(anonymous_27)","decl":{"start":{"line":207,"column":70},"end":{"line":207,"column":71}},"loc":{"start":{"line":207,"column":90},"end":{"line":209,"column":9}},"line":207},"28":{"name":"(anonymous_28)","decl":{"start":{"line":210,"column":68},"end":{"line":210,"column":69}},"loc":{"start":{"line":210,"column":91},"end":{"line":226,"column":9}},"line":210},"29":{"name":"(anonymous_29)","decl":{"start":{"line":236,"column":2},"end":{"line":236,"column":3}},"loc":{"start":{"line":236,"column":30},"end":{"line":252,"column":3}},"line":236},"30":{"name":"(anonymous_30)","decl":{"start":{"line":237,"column":23},"end":{"line":237,"column":24}},"loc":{"start":{"line":237,"column":50},"end":{"line":251,"column":5}},"line":237},"31":{"name":"(anonymous_31)","decl":{"start":{"line":238,"column":84},"end":{"line":238,"column":85}},"loc":{"start":{"line":238,"column":103},"end":{"line":250,"column":7}},"line":238},"32":{"name":"(anonymous_32)","decl":{"start":{"line":241,"column":67},"end":{"line":241,"column":68}},"loc":{"start":{"line":241,"column":90},"end":{"line":249,"column":9}},"line":241},"33":{"name":"(anonymous_33)","decl":{"start":{"line":254,"column":2},"end":{"line":254,"column":3}},"loc":{"start":{"line":254,"column":32},"end":{"line":266,"column":3}},"line":254},"34":{"name":"(anonymous_34)","decl":{"start":{"line":255,"column":23},"end":{"line":255,"column":24}},"loc":{"start":{"line":255,"column":50},"end":{"line":265,"column":5}},"line":255},"35":{"name":"(anonymous_35)","decl":{"start":{"line":256,"column":84},"end":{"line":256,"column":85}},"loc":{"start":{"line":256,"column":103},"end":{"line":264,"column":7}},"line":256},"36":{"name":"(anonymous_36)","decl":{"start":{"line":259,"column":60},"end":{"line":259,"column":61}},"loc":{"start":{"line":259,"column":75},"end":{"line":263,"column":9}},"line":259},"37":{"name":"(anonymous_37)","decl":{"start":{"line":273,"column":2},"end":{"line":273,"column":3}},"loc":{"start":{"line":273,"column":31},"end":{"line":289,"column":3}},"line":273},"38":{"name":"(anonymous_38)","decl":{"start":{"line":274,"column":23},"end":{"line":274,"column":24}},"loc":{"start":{"line":274,"column":50},"end":{"line":288,"column":5}},"line":274},"39":{"name":"(anonymous_39)","decl":{"start":{"line":275,"column":84},"end":{"line":275,"column":85}},"loc":{"start":{"line":275,"column":103},"end":{"line":287,"column":7}},"line":275},"40":{"name":"(anonymous_40)","decl":{"start":{"line":278,"column":76},"end":{"line":278,"column":77}},"loc":{"start":{"line":278,"column":99},"end":{"line":286,"column":9}},"line":278}},"branchMap":{"0":{"loc":{"start":{"line":111,"column":8},"end":{"line":111,"column":28}},"type":"if","locations":[{"start":{"line":111,"column":8},"end":{"line":111,"column":28}},{"start":{"line":111,"column":8},"end":{"line":111,"column":28}}],"line":111},"1":{"loc":{"start":{"line":114,"column":10},"end":{"line":114,"column":30}},"type":"if","locations":[{"start":{"line":114,"column":10},"end":{"line":114,"column":30}},{"start":{"line":114,"column":10},"end":{"line":114,"column":30}}],"line":114},"2":{"loc":{"start":{"line":115,"column":10},"end":{"line":125,"column":11}},"type":"if","locations":[{"start":{"line":115,"column":10},"end":{"line":125,"column":11}},{"start":{"line":115,"column":10},"end":{"line":125,"column":11}}],"line":115},"3":{"loc":{"start":{"line":143,"column":8},"end":{"line":143,"column":26}},"type":"if","locations":[{"start":{"line":143,"column":8},"end":{"line":143,"column":26}},{"start":{"line":143,"column":8},"end":{"line":143,"column":26}}],"line":143},"4":{"loc":{"start":{"line":147,"column":8},"end":{"line":147,"column":75}},"type":"if","locations":[{"start":{"line":147,"column":8},"end":{"line":147,"column":75}},{"start":{"line":147,"column":8},"end":{"line":147,"column":75}}],"line":147},"5":{"loc":{"start":{"line":148,"column":8},"end":{"line":148,"column":84}},"type":"if","locations":[{"start":{"line":148,"column":8},"end":{"line":148,"column":84}},{"start":{"line":148,"column":8},"end":{"line":148,"column":84}}],"line":148},"6":{"loc":{"start":{"line":149,"column":8},"end":{"line":149,"column":99}},"type":"if","locations":[{"start":{"line":149,"column":8},"end":{"line":149,"column":99}},{"start":{"line":149,"column":8},"end":{"line":149,"column":99}}],"line":149},"7":{"loc":{"start":{"line":152,"column":10},"end":{"line":152,"column":28}},"type":"if","locations":[{"start":{"line":152,"column":10},"end":{"line":152,"column":28}},{"start":{"line":152,"column":10},"end":{"line":152,"column":28}}],"line":152},"8":{"loc":{"start":{"line":154,"column":12},"end":{"line":154,"column":32}},"type":"if","locations":[{"start":{"line":154,"column":12},"end":{"line":154,"column":32}},{"start":{"line":154,"column":12},"end":{"line":154,"column":32}}],"line":154},"9":{"loc":{"start":{"line":155,"column":12},"end":{"line":166,"column":13}},"type":"if","locations":[{"start":{"line":155,"column":12},"end":{"line":166,"column":13}},{"start":{"line":155,"column":12},"end":{"line":166,"column":13}}],"line":155},"10":{"loc":{"start":{"line":181,"column":8},"end":{"line":181,"column":28}},"type":"if","locations":[{"start":{"line":181,"column":8},"end":{"line":181,"column":28}},{"start":{"line":181,"column":8},"end":{"line":181,"column":28}}],"line":181},"11":{"loc":{"start":{"line":184,"column":10},"end":{"line":184,"column":28}},"type":"if","locations":[{"start":{"line":184,"column":10},"end":{"line":184,"column":28}},{"start":{"line":184,"column":10},"end":{"line":184,"column":28}}],"line":184},"12":{"loc":{"start":{"line":203,"column":8},"end":{"line":203,"column":28}},"type":"if","locations":[{"start":{"line":203,"column":8},"end":{"line":203,"column":28}},{"start":{"line":203,"column":8},"end":{"line":203,"column":28}}],"line":203},"13":{"loc":{"start":{"line":208,"column":10},"end":{"line":208,"column":30}},"type":"if","locations":[{"start":{"line":208,"column":10},"end":{"line":208,"column":30}},{"start":{"line":208,"column":10},"end":{"line":208,"column":30}}],"line":208},"14":{"loc":{"start":{"line":211,"column":10},"end":{"line":211,"column":30}},"type":"if","locations":[{"start":{"line":211,"column":10},"end":{"line":211,"column":30}},{"start":{"line":211,"column":10},"end":{"line":211,"column":30}}],"line":211},"15":{"loc":{"start":{"line":212,"column":10},"end":{"line":225,"column":11}},"type":"if","locations":[{"start":{"line":212,"column":10},"end":{"line":225,"column":11}},{"start":{"line":212,"column":10},"end":{"line":225,"column":11}}],"line":212},"16":{"loc":{"start":{"line":239,"column":8},"end":{"line":239,"column":28}},"type":"if","locations":[{"start":{"line":239,"column":8},"end":{"line":239,"column":28}},{"start":{"line":239,"column":8},"end":{"line":239,"column":28}}],"line":239},"17":{"loc":{"start":{"line":242,"column":10},"end":{"line":242,"column":30}},"type":"if","locations":[{"start":{"line":242,"column":10},"end":{"line":242,"column":30}},{"start":{"line":242,"column":10},"end":{"line":242,"col
[...]
tementMap":{"0":{"start":{"line":1,"column":18},"end":{"line":1,"column":48}},"1":{"start":{"line":2,"column":15},"end":{"line":2,"column":42}},"2":{"start":{"line":5,"column":12},"end":{"line":5,"column":53}},"3":{"start":{"line":8,"column":15},"end":{"line":8,"column":30}},"4":{"start":{"line":16,"column":4},"end":{"line":16,"column":28}},"5":{"start":{"line":17,"column":4},"end":{"line":17,"column":20}},"6":{"start":{"line":18,"column":4},"end":{"line":18,"column":20}},"7":{"start":{"line":26,"column":4},"end":{"line":26,"column":28}},"8":{"start":{"line":33,"column":4},"end":{"line":33,"column":20}},"9":{"start":{"line":39,"column":4},"end":{"line":39,"column":20}},"10":{"start":{"line":49,"column":4},"end":{"line":49,"column":20}},"11":{"start":{"line":57,"column":4},"end":{"line":57,"column":20}},"12":{"start":{"line":65,"column":4},"end":{"line":65,"column":36}},"13":{"start":{"line":74,"column":4},"end":{"line":84,"column":6}},"14":{"start":{"line":75,"column":6},"end":{"line":83,"column":8}},"15":{"start":{"line":76,"column":8},"end":{"line":76,"column":28}},"16":{"start":{"line":76,"column":17},"end":{"line":76,"column":28}},"17":{"start":{"line":77,"column":18},"end":{"line":77,"column":31}},"18":{"start":{"line":78,"column":8},"end":{"line":82,"column":10}},"19":{"start":{"line":79,"column":10},"end":{"line":79,"column":30}},"20":{"start":{"line":79,"column":19},"end":{"line":79,"column":30}},"21":{"start":{"line":80,"column":10},"end":{"line":80,"column":36}},"22":{"start":{"line":81,"column":10},"end":{"line":81,"column":20}},"23":{"start":{"line":93,"column":4},"end":{"line":103,"column":6}},"24":{"start":{"line":94,"column":6},"end":{"line":102,"column":8}},"25":{"start":{"line":95,"column":8},"end":{"line":95,"column":28}},"26":{"start":{"line":95,"column":17},"end":{"line":95,"column":28}},"27":{"start":{"line":96,"column":18},"end":{"line":96,"column":31}},"28":{"start":{"line":97,"column":8},"end":{"line":101,"column":10}},"29":{"start":{"line":98,"column":10},"end":{"line":98,"column":30}},"30":{"start":{"line":98,"column":19},"end":{"line":98,"column":30}},"31":{"start":{"line":99,"column":10},"end":{"line":99,"column":19}},"32":{"start":{"line":100,"column":10},"end":{"line":100,"column":20}},"33":{"start":{"line":112,"column":4},"end":{"line":122,"column":6}},"34":{"start":{"line":113,"column":6},"end":{"line":121,"column":8}},"35":{"start":{"line":114,"column":8},"end":{"line":114,"column":28}},"36":{"start":{"line":114,"column":17},"end":{"line":114,"column":28}},"37":{"start":{"line":115,"column":18},"end":{"line":115,"column":31}},"38":{"start":{"line":116,"column":8},"end":{"line":120,"column":10}},"39":{"start":{"line":117,"column":10},"end":{"line":117,"column":30}},"40":{"start":{"line":117,"column":19},"end":{"line":117,"column":30}},"41":{"start":{"line":118,"column":10},"end":{"line":118,"column":25}},"42":{"start":{"line":119,"column":10},"end":{"line":119,"column":20}},"43":{"start":{"line":132,"column":4},"end":{"line":153,"column":6}},"44":{"start":{"line":133,"column":6},"end":{"line":152,"column":8}},"45":{"start":{"line":134,"column":8},"end":{"line":134,"column":28}},"46":{"start":{"line":134,"column":17},"end":{"line":134,"column":28}},"47":{"start":{"line":135,"column":18},"end":{"line":135,"column":31}},"48":{"start":{"line":136,"column":8},"end":{"line":151,"column":10}},"49":{"start":{"line":137,"column":10},"end":{"line":137,"column":30}},"50":{"start":{"line":137,"column":19},"end":{"line":137,"column":30}},"51":{"start":{"line":138,"column":10},"end":{"line":150,"column":11}},"52":{"start":{"line":139,"column":12},"end":{"line":143,"column":14}},"53":{"start":{"line":140,"column":14},"end":{"line":140,"column":34}},"54":{"start":{"line":140,"column":23},"end":{"line":140,"column":34}},"55":{"start":{"line":141,"column":14},"end":{"line":141,"column":24}},"56":{"start":{"line":142,"column":14},"end":{"line":142,"column":23}},"57":{"start":{"line":145,"column":12},"end":{"line":149,"column":14}},"58":{"start":{"line":146,"column":14},"end":{"line":146,"column":34}},"59":{"start":{"line":146,"column":23},"end":{"line":146,"column":34}},"60":{"start":{"line":147,"column":14},"end":{"line":147,"column":24}},"61":{"start":{"line":148,"column":14},"end":{"line":148,"column":23}},"62":{"start":{"line":162,"column":4},"end":{"line":172,"column":6}},"63":{"start":{"line":163,"column":6},"end":{"line":171,"column":8}},"64":{"start":{"line":164,"column":8},"end":{"line":164,"column":28}},"65":{"start":{"line":164,"column":17},"end":{"line":164,"column":28}},"66":{"start":{"line":165,"column":18},"end":{"line":165,"column":31}},"67":{"start":{"line":166,"column":8},"end":{"line":170,"column":10}},"68":{"start":{"line":167,"column":10},"end":{"line":167,"column":30}},"69":{"start":{"line":167,"column":19},"end":{"line":167,"column":30}},"70":{"start":{"line":168,"column":10},"end":{"line":169,"column":28}},"71":{"start":{"line":168,"column":30},"end":{"line":168,"column":50}},"72":{"start":{"line":169,"column":15},"end":{"line":169,"column":28}},"73":{"start":{"line":176,"column":0},"end":{"line":176,"column":29}}},"fnMap":{"0":{"name":"(anonymous_0)","decl":{"start":{"line":15,"column":2},"end":{"line":15,"column":3}},"loc":{"start":{"line":15,"column":17},"end":{"line":19,"column":3}},"line":15},"1":{"name":"(anonymous_1)","decl":{"start":{"line":25,"column":2},"end":{"line":25,"column":3}},"loc":{"start":{"line":25,"column":20},"end":{"line":27,"column":3}},"line":25},"2":{"name":"(anonymous_2)","decl":{"start":{"line":32,"column":2},"end":{"line":32,"column":3}},"loc":{"start":{"line":32,"column":13},"end":{"line":34,"column":3}},"line":32},"3":{"name":"(anonymous_3)","decl":{"start":{"line":38,"column":2},"end":{"line":38,"column":3}},"loc":{"start":{"line":38,"column":13},"end":{"line":40,"column":3}},"line":38},"4":{"name":"(anonymous_4)","decl":{"start":{"line":48,"column":2},"end":{"line":48,"column":3}},"loc":{"start":{"line":48,"column":17},"end":{"line":50,"column":3}},"line":48},"5":{"name":"(anonymous_5)","decl":{"start":{"line":56,"column":2},"end":{"line":56,"column":3}},"loc":{"start":{"line":56,"column":17},"end":{"line":58,"column":3}},"line":56},"6":{"name":"(anonymous_6)","decl":{"start":{"line":64,"column":2},"end":{"line":64,"column":3}},"loc":{"start":{"line":64,"column":33},"end":{"line":66,"column":3}},"line":64},"7":{"name":"(anonymous_7)","decl":{"start":{"line":73,"column":2},"end":{"line":73,"column":3}},"loc":{"start":{"line":73,"column":43},"end":{"line":85,"column":3}},"line":73},"8":{"name":"(anonymous_8)","decl":{"start":{"line":74,"column":23},"end":{"line":74,"column":24}},"loc":{"start":{"line":74,"column":50},"end":{"line":84,"column":5}},"line":74},"9":{"name":"(anonymous_9)","decl":{"start":{"line":75,"column":84},"end":{"line":75,"column":85}},"loc":{"start":{"line":75,"column":103},"end":{"line":83,"column":7}},"line":75},"10":{"name":"(anonymous_10)","decl":{"start":{"line":78,"column":63},"end":{"line":78,"column":64}},"loc":{"start":{"line":78,"column":86},"end":{"line":82,"column":9}},"line":78},"11":{"name":"(anonymous_11)","decl":{"start":{"line":92,"column":2},"end":{"line":92,"column":3}},"loc":{"start":{"line":92,"column":45},"end":{"line":104,"column":3}},"line":92},"12":{"name":"(anonymous_12)","decl":{"start":{"line":93,"column":23},"end":{"line":93,"column":24}},"loc":{"start":{"line":93,"column":50},"end":{"line":103,"column":5}},"line":93},"13":{"name":"(anonymous_13)","decl":{"start":{"line":94,"column":84},"end":{"line":94,"column":85}},"loc":{"start":{"line":94,"column":103},"end":{"line":102,"column":7}},"line":94},"14":{"name":"(anonymous_14)","decl":{"start":{"line":97,"column":84},"end":{"line":97,"column":85}},"loc":{"start":{"line":97,"column":107},"end":{"line":101,"column":9}},"line":97},"15":{"name":"(anonymous_15)","decl":{"start":{"line":111,"column":2},"end":{"line":111,"column":3}},"loc":{"start":{"line":111,"column":36},"end":{"line":123,"column":3}},"line":111},"16":{"name":"(anonymous_16)","decl":{"start":{"line":112,"column":23},"end":{"line":112,"column":24}},"loc":{"start":{"line":112,"column":50},"end":{"line":122,"column":5}},"line":112},"17":{"name":"(anonymous_17)","decl":{"start":{"line":113,"column":84},"end":{"line":113,"column":85}},"loc":{"start":{"line":113,"column":103},"end":{"line":121,"column":7}},"line":113},"18":{"name":"(anonymous_18)","decl":{"start":{"line":116,"column":84},"end":{"line":116,"column":85}},"loc":{"start":{"line":116,"column":107},"end":{"line":120,"column":9}},"line":116},"19":{"name":"(anonymous_19)","decl":{"start":{"line":131,"column":2},"end":{"line":131,"column":3}},"loc":{"start":{"line":131,"column":48},"end":{"line":154,"column":3}},"line":131},"20":{"name":"(anonymous_20)","decl":{"start":{"line":132,"column":23},"end":{"line":132,"column":24}},"loc":{"start":{"line":132,"column":50},"end":{"line":153,"column":5}},"line":132},"21":{"name":"(anonymous_21)","decl":{"start":{"line":133,"column":84},"end":{"line":133,"column":85}},"loc":{"start":{"line":133,"column":103},"end":{"line":152,"column":7}},"line":133},"22":{"name":"(anonymous_22)","decl":{"start":{"line":136,"column":72},"end":{"line":136,"column":73}},"loc":{"start":{"line":136,"column":95},"end":{"line":151,"column":9}},"line":136},"23":{"name":"(anonymous_23)","decl":{"start":{"line":139,"column":105},"end":{"line":139,"column":106}},"loc":{"start":{"line":139,"column":128},"end":{"line":143,"column":13}},"line":139},"24":{"name":"(anonymous_24)","decl":{"start":{"line":145,"column":91},"end":{"line":145,"column":92}},"loc":{"start":{"line":145,"column":114},"end":{"line":149,"column":13}},"line":145},"25":{"name":"(anonymous_25)","decl":{"start":{"line":161,"column":2},"end":{"line":161,"column":3}},"loc":{"start":{"line":161,"column":38},"end":{"line":173,"column":3}},"line":161},"26":{"name":"(anonymous_26)","decl":{"start":{"line":162,"column":23},"end":{"line":162,"column":24}},"loc":{"start":{"line":162,"column":50},"end":{"line":172,"column":5}},"line":162},"27":{"name":"(anonymous_27)","decl":{"start":{"line":163,"column":84},"end":{"line":163,"column":85}},"loc":{"start":{"line":163,"column":103},"end":{"line":171,"column":7}},"line":163},"28":{"name":"(anonymous_28)","decl":{"start":{"line":166,"column":72},"end":{"line":166,"column":73}},"loc":{"start":{"line":166,"column":95},"end":{"line":170,"column":9}},"line":166}},"branchMap":{"0":{"loc":{"start":{"line":76,"column":8},"end":{"line":76,"column":28}},"type":"if","locations":[{"start":{"line":76,"column":8},"end":{"line":76,"column":28}},{"start":{"line":76,"column":8},"end":{"line":76,"column":28}}],"line":76},"1":{"loc":{"start":{"line":79,"column":10},"end":{"line":79,"column":30}},"type":"if","locations":[{"start":{"line":79,"column":10},"end":{"line":79,"column":30}},{"start":{"line":79,"column":10},"end":{"line":79,"column":30}}],"line":79},"2":{"loc":{"start":{"line":95,"column":8},"end":{"line":95,"column":28}},"type":"if","locations":[{"start":{"line":95,"column":8},"end":{"line":95,"column":28}},{"start":{"line":95,"column":8},"end":{"line":95,"column":28}}],"line":95},"3":{"loc":{"start":{"line":98,"column":10},"end":{"line":98,"column":30}},"type":"if","locations":[{"start":{"line":98,"column":10},"end":{"line":98,"column":30}},{"start":{"line":98,"column":10},"end":{"line":98,"column":30}}],"line":98},"4":{"loc":{"start":{"line":114,"column":8},"end":{"line":114,"column":28}},"type":"if","locations":[{"start":{"line":114,"column":8},"end":{"line":114,"column":28}},{"start":{"line":114,"column":8},"end":{"line":114,"column":28}}],"line":114},"5":{"loc":{"start":{"line":117,"column":10},"end":{"line":117,"column":30}},"type":"if","locations":[{"start":{"line":117,"column":10},"end":{"line":117,"column":30}},{"start":{"line":117,"column":10},"end":{"line":117,"column":30}}],"line":117},"6":{"loc":{"start":{"line":134,"column":8},"end":{"line":134,"column":28}},"type":"if","locations":[{"start":{"line":134,"column":8},"end":{"line":134,"column":28}},{"start":{"line":134,"column":8},"end":{"line":134,"column":28}}],"line":134},"7":{"loc":{"start":{"line":137,"column":10},"end":{"line":137,"column":30}},"type":"if","locations":[{"start":{"line":137,"column":10},"end":{"line":137,"column":30}},{"start":{"line":137,"column":10},"end":{"line":137,"column":30}}],"line":137},"8":{"loc":{"start":{"line":138,"column":10},"end":{"line":150,"column":11}},"type":"if","locations":[{"start":{"line":138,"column":10},"end":{"line":150,"column":11}},{"start":{"line":138,"column":10},"end":{"line":150,"column":11}}],"line":138},"9":{"loc":{"start":{"line":140,"column":14},"end":{"line":140,"column":34}},"type":"if","locations":[{"start":{"line":140,"column":14},"end":{"line":140,"column":34}},{"start":{"line":140,"column":14},"end":{"line":140,"column":34}}],"line":140},"10":{"loc":{"start":{"line":146,"column":14},"end":{"line":146,"column":34}},"type":"if","locations":[{"start":{"line":146,"column":14},"end":{"line":146,"column":34}},{"start":{"line":146,"column":14},"end":{"line":146,"column":34}}],"line":146},"11":{"loc":{"start":{"line":164,"column":8},"end":{"line":164,"column":28}},"type":"if","locations":[{"start":{"line":164,"column":8},"end":{"line":164,"column":28}},{"start":{"line":164,"column":8},"end":{"line":164,"column":28}}],"line":164},"12":{"loc":{"start":{"line":167,"column":10},"end":{"line":167,"column":30}},"type":"if","locations":[{"start":{"line":167,"column":10},"end":{"line":167,"column":30}},{"start":{"line":167,"column":10},"end":{"line":167,"column":30}}],"line":167},"13":{"loc":{"start":{"line":168,"column":10},"end":{"line":169,"column":28}},"type":"if","locations":[{"start":{"line":168,"column":10},"end":{"line":169,"column":28}},{"start":{"line":168,"column":10},"end":{"line":169,"column":28}}],"line":168}},"s":{"0":1,"1":1,"2":1,"3":1,"4":22,"5":22,"6":22,"7":0,"8":0,"9":0,"10":22,"11":22,"12":22,"13":22,"14":22,"15":22,"16":0,"17":22,"18":22,"19":22,"20":0,"21":22,"22":22,"23":2,"24":2,"25":2,"26":0,"27":2,"28":2,"29":2,"30":0,"31":2,"32":2,"33":3,"34":3,"35":3,"36":0,"37":3,"38":3,"39":3,"40":0,"41":3,"42":3,"43":20,"44":20,"45":20,"46":0,"47":20,"48":20,"49":20,"50":0,"51":20,"52":16,"53":16,"54":0,"55":16,"56":16,"57":4,"58":4,"59":0,"60":4,"61":4,"62":2,"63":2,"64":2,"65":0,"66":2,"67":2,"68":2,"69":0,"70":2,"71":2,"72":0,"73":1},"f":{"0":22,"1":0,"2":0,"3":0,"4":22,"5":22,"6":22,"7":22,"8":22,"9":22,"10":22,"11":2,"12":2,"13":2,"14":2,"15":3,"16":3,"17":3,"18":3,"19":20,"20":20,"21":20,"22":20,"23":16,"24":4,"25":2,"26":2,"27":2,"28":2},"b":{"0":[0,22],"1":[0,22],"2":[0,2],"3":[0,2],"4":[0,3],"5":[0,3],"6":[0,20],"7":[0,20],"8":[16,4],"9":[0,16],"10":[0,4],"11":[0,2],"12":[0,2],"13":[2,0]},"_coverageSchema":"1a1c01bbd47fc00a2c39e90264f33305004495a9","hash":"87179c43daf115f4f21cf31e67706977e19847b3","contentHash":"5045e519e1a56bdd2848f2ba0ea4e79522b53163dcc53ea7d42e4767dc290c35"},"/Users/salvatore/Desktop/EasyAgreement-IGES/app/controllers/viewListControl.js":{"path":"/Users/salvatore/Desktop/EasyAgreement-IGES/app/controllers/viewListControl.js","statementMap":{"0":{"start":{"line":1,"column":25},"end":{"line":1,"column":59}},"1":{"start":{"line":2,"column":25},"end":{"line":2,"column":59}},"2":{"start":{"line":3,"column":28},"end":{"line":3,"column":65}},"3":{"start":{"line":4,"column":19},"end":{"line":4,"column":47}},"4":{"start":{"line":5,"column":23},"end":{"line":5,"column":59}},"5":{"start":{"line":12,"column":0},"end":{"line":44,"column":1}},"6":{"start":{"line":13,"column":2},"end":{"line":43,"column":4}},"7":{"start":{"line":14,"column":4},"end":{"line":42,"column":5}},"8":{"start":{"line":15,"column":18},"end":{"line":15,"column":48}},"9":{"start":{"line":16,"column":6},"end":{"line":18,"column":8}},"10":{"start":{"line":17,"column":8},"end":{"line":17,"column":23}},"11":{"start":{"line":20,"column":9},"end":{"line":42,"column":5}},"12":{"start":{"line":21,"column":17},"end":{"line":21,"column":43}},"13":{"start":{"line":22,"column":6},"end":{"line":24,"column":8}},"14":{"start":{"line":23,"column":8},"end":{"line":23,"column":23}},"15":{"start":{"line":25,"column":11},"end":{"line":42,"column":5}},"16":{"start":{"line":26,"column":17},"end":{"line":26,"column":49}},"17":{"start":{"line":27,"column":6},"end":{"line":29,"column":8}},"18":{"start":{"line":28,"column":8},"end":{"line":28,"column":23}},"19":{"start":{"line":30,"column":11},"end":{"line":42,"column":5}},"20":{"start":{"line":31,"column":17},"end":{"line":31,"column":49}},"21":{"start":{"line":32,"column":6},"end":{"line":34,"column":8}},"22":{"start":{"line":33,"column":8},"end":{"line":33,"column":23}},"23":{"start":{"line":35,"column":11},"end":{"line":42,"column":5}},"24":{"start":{"line":36,"column":17},"end":{"line":36,"column":52}},"25":{"start":{"line":37,"column":6},"end":{"line":39,"column":8}},"26":{"start":{"line":38,"column":8},"end":{"line":38,"column":23}},"27":{"start":{"line":41,"column":6},"end":{"line":41,"column":29}}},"fnMap":{"0":{"name":"(anonymous_0)","decl":{"start":{"line":12,"column":22},"end":{"line":12,"column":23}},"loc":{"start":{"line":12,"column":38},"end":{"line":44,"column":1}},"line":12},"1":{"name":"(anonymous_1)","decl":{"start":{"line":13,"column":21},"end":{"line":13,"column":22}},"loc":{"start":{"line":13,"column":48},"end":{"line":43,"column":3}},"line":13},"2":{"name":"(anonymous_2)","decl":{"start":{"line":16,"column":17},"end":{"line":16,"column":18}},"loc":{"start":{"line":16,"column":35},"end":{"line":18,"column":7}},"line":16},"3":{"name":"(anonymous_3)","decl":{"start":{"line":22,"column":16},"end":{"line":22,"column":17}},"loc":{"start":{"line":22,"column":34},"end":{"line":24,"column":7}},"line":22},"4":{"name":"(anonymous_4)","decl":{"start":{"line":27,"column":16},"end":{"line":27,"column":17}},"loc":{"start":{"line":27,"column":34},"end":{"line":29,"column":7}},"line":27},"5":{"name":"(anonymous_5)","decl":{"start":{"line":32,"column":16},"end":{"line":32,"column":17}},"loc":{"start":{"line":32,"column":34},"end":{"line":34,"column":7}},"line":32},"6":{"name":"(anonymous_6)","decl":{"start":{"line":37,"column":16},"end":{"line":37,"column":17}},"loc":{"start":{"line":37,"column":34},"end":{"line":39,"column":7}},"line":37}},"branchMap":{"0":{"loc":{"start":{"line":14,"column":4},"end":{"line":42,"column":5}},"type":"if","locations":[{"start":{"line":14,"column":4},"end":{"line":42,"column":5}},{"start":{"line":14,"column":4},"end":{"line":42,"column":5}}],"line":14},"1":{"loc":{"start":{"line":20,"column":9},"end":{"line":42,"column":5}},"type":"if","locations":[{"start":{"line":20,"column":9},"end":{"line":42,"column":5}},{"start":{"line":20,"column":9},"end":{"line":42,"column":5}}],"line":20},"2":{"loc":{"start":{"line":25,"column":11},"end":{"line":42,"column":5}},"type":"if","locations":[{"start":{"line":25,"column":11},"end":{"line":42,"column":5}},{"start":{"line":25,"column":11},"end":{"line":42,"column":5}}],"line":25},"3":{"loc":{"start":{"line":30,"column":11},"end":{"line":42,"column":5}},"type":"if","locations":[{"start":{"line":30,"column":11},"end":{"line":42,"column":5}},{"start":{"line":30,"column":11},"end":{"line":42,"column":5}}],"line":30},"4":{"loc":{"start":{"line":35,"column":11},"end":{"line":42,"column":5}},"type":"if","locations":[{"start":{"line":35,"column":11},"end":{"line":42,"column":5}},{"start":{"line":35,"column":11},"end":{"line":42,"column":5}}],"line":35}},"s":{"0":1,"1":1,"2":1,"3":1,"4":1,"5":1,"6":7,"7":7,"8":0,"9":0,"10":0,"11":7,"12":0,"13":0,"14":0,"15":7,"16":2,"17":2,"18":2,"19":5,"20":2,"21":2,"22":2,"23":3,"24":2,"25":2,"26":2,"27":1},"f":{"0":7,"1":7,"2":0,"3":0,"4":2,"5":2,"6":2},"b":{"0":[0,7],"1":[0,7],"2":[2,5],"3":[2,3],"4":[2,1]},"_coverageSchema":"1a1c01bbd47fc00a2c39e90264f33305004495a9","hash":"a391ff975484f743664e8609a9fb15ded277d40c","contentHash":"b8ec54faa9377b2569acfca3b06b478550bfe5aef8a5825a0fb7bfa384859ea1"}}